2021-03-15 20:52:08,228 [Worker-6: Loading available Gradle versions] INFO  o.e.b.c.i.u.g.PublishedGradleVersions - Gradle version information cache is up-to-date. Trying to read.
2021-03-16 19:36:20,828 [Worker-7: Loading available Gradle versions] INFO  o.e.b.c.i.u.g.PublishedGradleVersions - Gradle version information cache is up-to-date. Trying to read.
2021-03-16 19:53:22,429 [Worker-2: Loading available Gradle versions] INFO  o.e.b.c.i.u.g.PublishedGradleVersions - Gradle version information cache is up-to-date. Trying to read.
2021-03-16 20:00:56,340 [Worker-8: Loading available Gradle versions] INFO  o.e.b.c.i.u.g.PublishedGradleVersions - Gradle version information cache is up-to-date. Trying to read.
2021-03-16 20:15:43,664 [Worker-2: Loading available Gradle versions] INFO  o.e.b.c.i.u.g.PublishedGradleVersions - Gradle version information cache is up-to-date. Trying to read.
2021-03-16 20:32:37,253 [Worker-7: Loading available Gradle versions] INFO  o.e.b.c.i.u.g.PublishedGradleVersions - Gradle version information cache is up-to-date. Trying to read.
2021-03-17 13:20:49,459 [Worker-6: Loading available Gradle versions] INFO  o.e.b.c.i.u.g.PublishedGradleVersions - Gradle version information cache is up-to-date. Trying to read.
2021-03-18 17:35:48,126 [Worker-6: Loading available Gradle versions] INFO  o.e.b.c.i.u.g.PublishedGradleVersions - Gradle version information cache is out-of-date. Trying to update.
2021-03-18 18:35:36,457 [Worker-5: Loading available Gradle versions] INFO  o.e.b.c.i.u.g.PublishedGradleVersions - Gradle version information cache is up-to-date. Trying to read.
2021-03-19 16:34:10,087 [Worker-5: Loading available Gradle versions] INFO  o.e.b.c.i.u.g.PublishedGradleVersions - Gradle version information cache is up-to-date. Trying to read.
2021-03-19 16:44:09,371 [Worker-19: Loading available Gradle versions] INFO  o.e.b.c.i.u.g.PublishedGradleVersions - Gradle version information cache is up-to-date. Trying to read.
2021-03-19 17:18:21,431 [Worker-5: Loading available Gradle versions] INFO  o.e.b.c.i.u.g.PublishedGradleVersions - Gradle version information cache is up-to-date. Trying to read.
2021-03-19 17:26:52,779 [Worker-2: Loading available Gradle versions] INFO  o.e.b.c.i.u.g.PublishedGradleVersions - Gradle version information cache is up-to-date. Trying to read.
2021-03-19 18:14:59,035 [Worker-24: Loading available Gradle versions] INFO  o.e.b.c.i.u.g.PublishedGradleVersions - Gradle version information cache is out-of-date. Trying to update.
2021-03-22 13:55:25,508 [Worker-6: Loading available Gradle versions] INFO  o.e.b.c.i.u.g.PublishedGradleVersions - Gradle version information cache is out-of-date. Trying to update.
2021-03-22 14:49:24,711 [Worker-6: Loading available Gradle versions] INFO  o.e.b.c.i.u.g.PublishedGradleVersions - Gradle version information cache is up-to-date. Trying to read.
2021-03-29 21:03:12,073 [Worker-1: Loading available Gradle versions] INFO  o.e.b.c.i.u.g.PublishedGradleVersions - Gradle version information cache is out-of-date. Trying to update.
2021-03-30 20:35:44,136 [Worker-48: Loading available Gradle versions] INFO  o.e.b.c.i.u.g.PublishedGradleVersions - Gradle version information cache is up-to-date. Trying to read.
2021-03-31 18:00:29,439 [Worker-11: Loading available Gradle versions] INFO  o.e.b.c.i.u.g.PublishedGradleVersions - Gradle version information cache is up-to-date. Trying to read.
2021-04-02 18:55:04,454 [Worker-29: Loading available Gradle versions] INFO  o.e.b.c.i.u.g.PublishedGradleVersions - Gradle version information cache is out-of-date. Trying to update.
2021-04-24 17:20:19,704 [Worker-10: Loading available Gradle versions] INFO  o.e.b.c.i.u.g.PublishedGradleVersions - Gradle version information cache is out-of-date. Trying to update.
2021-04-26 16:41:04,775 [Worker-32: Loading available Gradle versions] INFO  o.e.b.c.i.u.g.PublishedGradleVersions - Gradle version information cache is out-of-date. Trying to update.
2021-04-28 18:23:27,513 [Worker-17: Creating maven-archetype-webapp] INFO  o.e.m.c.i.p.ProjectConfigurationManager - Collecting project info '/pom.xml' /Users/yun/Desktop/YUN/부스트코스/웹풀스택/mavenweb/pom.xml
2021-04-28 18:23:28,786 [Worker-17: Creating maven-archetype-webapp] INFO  o.e.m.c.i.l.LifecycleMappingFactory - Using org.maven.ide.eclipse.wtp.WarLifecycleMapping lifecycle mapping for MavenProject: kr.or.connect:mavenweb:0.0.1-SNAPSHOT @ /Users/yun/Desktop/YUN/부스트코스/웹풀스택/mavenweb/pom.xml.
2021-04-28 18:23:30,357 [Worker-17: Creating maven-archetype-webapp] INFO  o.e.m.j.i.AbstractJavaProjectConfigurator - Adding source folder /mavenweb/src/main/java
2021-04-28 18:23:30,358 [Worker-17: Creating maven-archetype-webapp] INFO  o.e.m.j.i.AbstractJavaProjectConfigurator - Adding source folder /mavenweb/src/test/java
2021-04-28 18:23:31,467 [Worker-41: Loading available Gradle versions] INFO  o.e.b.c.i.u.g.PublishedGradleVersions - Gradle version information cache is out-of-date. Trying to update.
2021-04-28 18:23:32,636 [Worker-17: Creating maven-archetype-webapp] INFO  o.e.m.c.i.p.ProjectConfigurationManager - Imported and configured 1 project(s) in 5 sec
2021-04-28 18:23:34,329 [Worker-42: Building] INFO  o.e.m.c.i.embedder.EclipseLogger - Using 'UTF-8' encoding to copy filtered resources.
2021-04-28 18:23:34,330 [Worker-42: Building] INFO  o.e.m.c.i.embedder.EclipseLogger - skip non existing resourceDirectory /Users/yun/Desktop/YUN/부스트코스/웹풀스택/mavenweb/src/main/resources
2021-04-28 18:23:34,333 [Worker-42: Building] INFO  o.e.m.c.i.embedder.EclipseLogger - Using 'UTF-8' encoding to copy filtered resources.
2021-04-28 18:23:34,333 [Worker-42: Building] INFO  o.e.m.c.i.embedder.EclipseLogger - skip non existing resourceDirectory /Users/yun/Desktop/YUN/부스트코스/웹풀스택/mavenweb/src/test/resources
2021-04-28 18:24:10,867 [Worker-42: Building] INFO  o.e.m.c.i.embedder.EclipseLogger - Using 'UTF-8' encoding to copy filtered resources.
2021-04-28 18:24:10,868 [Worker-42: Building] INFO  o.e.m.c.i.embedder.EclipseLogger - skip non existing resourceDirectory /Users/yun/Desktop/YUN/부스트코스/웹풀스택/mavenweb/src/main/resources
2021-04-28 18:24:10,869 [Worker-42: Building] INFO  o.e.m.c.i.embedder.EclipseLogger - Using 'UTF-8' encoding to copy filtered resources.
2021-04-28 18:24:10,869 [Worker-42: Building] INFO  o.e.m.c.i.embedder.EclipseLogger - skip non existing resourceDirectory /Users/yun/Desktop/YUN/부스트코스/웹풀스택/mavenweb/src/test/resources
2021-04-28 18:25:50,105 [Worker-45: Building] INFO  o.e.m.c.i.embedder.EclipseLogger - Using 'UTF-8' encoding to copy filtered resources.
2021-04-28 18:25:50,105 [Worker-45: Building] INFO  o.e.m.c.i.embedder.EclipseLogger - skip non existing resourceDirectory /Users/yun/Desktop/YUN/부스트코스/웹풀스택/mavenweb/src/main/resources
2021-04-28 18:25:50,108 [Worker-45: Building] INFO  o.e.m.c.i.embedder.EclipseLogger - Using 'UTF-8' encoding to copy filtered resources.
2021-04-28 18:25:50,108 [Worker-45: Building] INFO  o.e.m.c.i.embedder.EclipseLogger - skip non existing resourceDirectory /Users/yun/Desktop/YUN/부스트코스/웹풀스택/mavenweb/src/test/resources
2021-04-28 18:26:30,468 [Worker-46: Building] INFO  o.e.m.c.i.embedder.EclipseLogger - Using 'UTF-8' encoding to copy filtered resources.
2021-04-28 18:26:30,469 [Worker-46: Building] INFO  o.e.m.c.i.embedder.EclipseLogger - skip non existing resourceDirectory /Users/yun/Desktop/YUN/부스트코스/웹풀스택/mavenweb/src/main/resources
2021-04-28 18:26:30,472 [Worker-46: Building] INFO  o.e.m.c.i.embedder.EclipseLogger - Using 'UTF-8' encoding to copy filtered resources.
2021-04-28 18:26:30,473 [Worker-46: Building] INFO  o.e.m.c.i.embedder.EclipseLogger - skip non existing resourceDirectory /Users/yun/Desktop/YUN/부스트코스/웹풀스택/mavenweb/src/test/resources
2021-04-28 18:26:58,126 [Worker-17: Building] INFO  o.e.m.c.i.embedder.EclipseLogger - Using 'UTF-8' encoding to copy filtered resources.
2021-04-28 18:26:58,127 [Worker-17: Building] INFO  o.e.m.c.i.embedder.EclipseLogger - skip non existing resourceDirectory /Users/yun/Desktop/YUN/부스트코스/웹풀스택/mavenweb/src/main/resources
2021-04-28 18:26:58,129 [Worker-17: Building] INFO  o.e.m.c.i.embedder.EclipseLogger - Using 'UTF-8' encoding to copy filtered resources.
2021-04-28 18:26:58,129 [Worker-17: Building] INFO  o.e.m.c.i.embedder.EclipseLogger - skip non existing resourceDirectory /Users/yun/Desktop/YUN/부스트코스/웹풀스택/mavenweb/src/test/resources
2021-04-28 18:27:49,255 [Worker-48: Building] INFO  o.e.m.c.i.embedder.EclipseLogger - Using 'UTF-8' encoding to copy filtered resources.
2021-04-28 18:27:49,257 [Worker-48: Building] INFO  o.e.m.c.i.embedder.EclipseLogger - skip non existing resourceDirectory /Users/yun/Desktop/YUN/부스트코스/웹풀스택/mavenweb/src/main/resources
2021-04-28 18:27:49,257 [Worker-48: Building] INFO  o.e.m.c.i.embedder.EclipseLogger - Using 'UTF-8' encoding to copy filtered resources.
2021-04-28 18:27:49,258 [Worker-48: Building] INFO  o.e.m.c.i.embedder.EclipseLogger - skip non existing resourceDirectory /Users/yun/Desktop/YUN/부스트코스/웹풀스택/mavenweb/src/test/resources
2021-04-28 18:28:55,523 [main] INFO  o.e.m.c.i.l.LifecycleMappingFactory - Using org.maven.ide.eclipse.wtp.WarLifecycleMapping lifecycle mapping for MavenProject: kr.or.connect:mavenweb:0.0.1-SNAPSHOT @ /Users/yun/Desktop/YUN/부스트코스/웹풀스택/mavenweb/pom.xml.
2021-04-28 18:29:31,007 [Worker-47: Updating Maven Project] INFO  o.e.m.c.i.p.ProjectConfigurationManager - Update started
2021-04-28 18:29:31,544 [Worker-47: Updating Maven Project] INFO  o.e.m.c.i.l.LifecycleMappingFactory - Using org.maven.ide.eclipse.wtp.WarLifecycleMapping lifecycle mapping for MavenProject: kr.or.connect:mavenweb:0.0.1-SNAPSHOT @ /Users/yun/Desktop/YUN/부스트코스/웹풀스택/mavenweb/pom.xml.
2021-04-28 18:29:32,133 [Worker-47: Updating Maven Project] INFO  o.e.m.j.i.AbstractJavaProjectConfigurator - Adding source folder /mavenweb/src/main/java
2021-04-28 18:29:32,135 [Worker-47: Updating Maven Project] INFO  o.e.m.j.i.AbstractJavaProjectConfigurator - Adding source folder /mavenweb/src/test/java
2021-04-28 18:29:32,427 [Worker-47: Updating Maven Project] INFO  o.e.m.w.i.f.ResourceFilteringBuildParticipant - Cleaning filtered folder for mavenweb
2021-04-28 18:29:32,440 [Worker-47: Updating Maven Project] INFO  o.e.m.c.i.p.ProjectConfigurationManager - Update completed: 1 sec
2021-04-28 18:29:33,710 [Worker-46: Building] INFO  o.e.m.c.i.embedder.EclipseLogger - Using 'UTF-8' encoding to copy filtered resources.
2021-04-28 18:29:33,712 [Worker-46: Building] INFO  o.e.m.c.i.embedder.EclipseLogger - skip non existing resourceDirectory /Users/yun/Desktop/YUN/부스트코스/웹풀스택/mavenweb/src/main/resources
2021-04-28 18:29:33,727 [Worker-46: Building] INFO  o.e.m.c.i.embedder.EclipseLogger - Using 'UTF-8' encoding to copy filtered resources.
2021-04-28 18:29:33,727 [Worker-46: Building] INFO  o.e.m.c.i.embedder.EclipseLogger - skip non existing resourceDirectory /Users/yun/Desktop/YUN/부스트코스/웹풀스택/mavenweb/src/test/resources
2021-04-28 18:29:33,729 [Worker-46: Building] INFO  o.e.m.w.i.f.ResourceFilteringBuildParticipant - Changed resources require a complete clean of filtered resources of mavenweb
2021-04-28 18:29:33,729 [Worker-46: Building] INFO  o.e.m.w.i.f.ResourceFilteringBuildParticipant - Executing resource filtering for mavenweb
2021-04-28 18:29:33,753 [Worker-46: Building] INFO  o.e.m.c.i.embedder.EclipseLogger - Using 'UTF-8' encoding to copy filtered resources.
2021-04-28 18:30:53,814 [Worker-51: Building] INFO  o.e.m.c.i.l.LifecycleMappingFactory - Using org.maven.ide.eclipse.wtp.WarLifecycleMapping lifecycle mapping for MavenProject: kr.or.connect:mavenweb:0.0.1-SNAPSHOT @ /Users/yun/Desktop/YUN/부스트코스/웹풀스택/mavenweb/pom.xml.
2021-04-28 18:30:54,249 [Worker-51: Building] INFO  o.e.m.c.i.embedder.EclipseLogger - Using 'UTF-8' encoding to copy filtered resources.
2021-04-28 18:30:54,249 [Worker-51: Building] INFO  o.e.m.c.i.embedder.EclipseLogger - skip non existing resourceDirectory /Users/yun/Desktop/YUN/부스트코스/웹풀스택/mavenweb/src/main/resources
2021-04-28 18:30:54,250 [Worker-51: Building] INFO  o.e.m.c.i.embedder.EclipseLogger - Using 'UTF-8' encoding to copy filtered resources.
2021-04-28 18:30:54,251 [Worker-51: Building] INFO  o.e.m.c.i.embedder.EclipseLogger - skip non existing resourceDirectory /Users/yun/Desktop/YUN/부스트코스/웹풀스택/mavenweb/src/test/resources
2021-04-28 18:30:54,251 [Worker-51: Building] INFO  o.e.m.w.i.f.ResourceFilteringBuildParticipant - Changed resources require a complete clean of filtered resources of mavenweb
2021-04-28 18:30:54,251 [Worker-51: Building] INFO  o.e.m.w.i.f.ResourceFilteringBuildParticipant - Executing resource filtering for mavenweb
2021-04-28 18:30:54,254 [Worker-51: Building] INFO  o.e.m.c.i.embedder.EclipseLogger - Using 'UTF-8' encoding to copy filtered resources.
2021-04-28 18:30:55,442 [Worker-51: Building] INFO  o.e.m.c.i.embedder.EclipseLogger - Using 'UTF-8' encoding to copy filtered resources.
2021-04-28 18:30:55,442 [Worker-51: Building] INFO  o.e.m.c.i.embedder.EclipseLogger - skip non existing resourceDirectory /Users/yun/Desktop/YUN/부스트코스/웹풀스택/mavenweb/src/main/resources
2021-04-28 18:30:55,447 [Worker-51: Building] INFO  o.e.m.c.i.embedder.EclipseLogger - Using 'UTF-8' encoding to copy filtered resources.
2021-04-28 18:30:55,447 [Worker-51: Building] INFO  o.e.m.c.i.embedder.EclipseLogger - skip non existing resourceDirectory /Users/yun/Desktop/YUN/부스트코스/웹풀스택/mavenweb/src/test/resources
2021-04-28 18:32:37,830 [Worker-8: Loading available Gradle versions] INFO  o.e.b.c.i.u.g.PublishedGradleVersions - Gradle version information cache is up-to-date. Trying to read.
2021-04-28 18:32:45,377 [Worker-0: Building] INFO  o.e.m.c.i.embedder.EclipseLogger - Using 'UTF-8' encoding to copy filtered resources.
2021-04-28 18:32:45,378 [Worker-0: Building] INFO  o.e.m.c.i.embedder.EclipseLogger - skip non existing resourceDirectory /Users/yun/Desktop/YUN/부스트코스/웹풀스택/mavenweb/src/main/resources
2021-04-28 18:32:45,385 [Worker-0: Building] INFO  o.e.m.c.i.embedder.EclipseLogger - Using 'UTF-8' encoding to copy filtered resources.
2021-04-28 18:32:45,385 [Worker-0: Building] INFO  o.e.m.c.i.embedder.EclipseLogger - skip non existing resourceDirectory /Users/yun/Desktop/YUN/부스트코스/웹풀스택/mavenweb/src/test/resources
2021-04-28 18:33:41,578 [Worker-48: Building] INFO  o.e.m.c.i.l.LifecycleMappingFactory - Using org.maven.ide.eclipse.wtp.WarLifecycleMapping lifecycle mapping for MavenProject: kr.or.connect:mavenweb:0.0.1-SNAPSHOT @ /Users/yun/Desktop/YUN/부스트코스/웹풀스택/mavenweb/pom.xml.
2021-04-28 18:33:42,480 [Worker-48: Building] INFO  o.e.m.c.i.embedder.EclipseLogger - Using 'UTF-8' encoding to copy filtered resources.
2021-04-28 18:33:42,481 [Worker-48: Building] INFO  o.e.m.c.i.embedder.EclipseLogger - skip non existing resourceDirectory /Users/yun/Desktop/YUN/부스트코스/웹풀스택/mavenweb/src/main/resources
2021-04-28 18:33:42,485 [Worker-48: Building] INFO  o.e.m.c.i.embedder.EclipseLogger - Using 'UTF-8' encoding to copy filtered resources.
2021-04-28 18:33:42,485 [Worker-48: Building] INFO  o.e.m.c.i.embedder.EclipseLogger - skip non existing resourceDirectory /Users/yun/Desktop/YUN/부스트코스/웹풀스택/mavenweb/src/test/resources
2021-04-28 18:33:42,485 [Worker-48: Building] INFO  o.e.m.w.i.f.ResourceFilteringBuildParticipant - Changed resources require a complete clean of filtered resources of mavenweb
2021-04-28 18:33:42,486 [Worker-48: Building] INFO  o.e.m.w.i.f.ResourceFilteringBuildParticipant - Executing resource filtering for mavenweb
2021-04-28 18:33:42,496 [Worker-48: Building] INFO  o.e.m.c.i.embedder.EclipseLogger - Using 'UTF-8' encoding to copy filtered resources.
2021-04-28 18:33:43,786 [Worker-59: Building] INFO  o.e.m.c.i.embedder.EclipseLogger - Using 'UTF-8' encoding to copy filtered resources.
2021-04-28 18:33:43,786 [Worker-59: Building] INFO  o.e.m.c.i.embedder.EclipseLogger - skip non existing resourceDirectory /Users/yun/Desktop/YUN/부스트코스/웹풀스택/mavenweb/src/main/resources
2021-04-28 18:33:43,788 [Worker-59: Building] INFO  o.e.m.c.i.embedder.EclipseLogger - Using 'UTF-8' encoding to copy filtered resources.
2021-04-28 18:33:43,788 [Worker-59: Building] INFO  o.e.m.c.i.embedder.EclipseLogger - skip non existing resourceDirectory /Users/yun/Desktop/YUN/부스트코스/웹풀스택/mavenweb/src/test/resources
2021-04-29 13:15:10,951 [Worker-98: Building] INFO  o.e.m.c.i.embedder.EclipseLogger - Using 'UTF-8' encoding to copy filtered resources.
2021-04-29 13:15:10,952 [Worker-98: Building] INFO  o.e.m.c.i.embedder.EclipseLogger - skip non existing resourceDirectory /Users/yun/Desktop/YUN/부스트코스/웹풀스택/mavenweb/src/main/resources
2021-04-29 13:15:10,962 [Worker-98: Building] INFO  o.e.m.c.i.embedder.EclipseLogger - Using 'UTF-8' encoding to copy filtered resources.
2021-04-29 13:15:10,962 [Worker-98: Building] INFO  o.e.m.c.i.embedder.EclipseLogger - skip non existing resourceDirectory /Users/yun/Desktop/YUN/부스트코스/웹풀스택/mavenweb/src/test/resources
2021-04-29 13:22:46,444 [Worker-96: Building] INFO  o.e.m.c.i.embedder.EclipseLogger - Using 'UTF-8' encoding to copy filtered resources.
2021-04-29 13:22:46,445 [Worker-96: Building] INFO  o.e.m.c.i.embedder.EclipseLogger - skip non existing resourceDirectory /Users/yun/Desktop/YUN/부스트코스/웹풀스택/mavenweb/src/main/resources
2021-04-29 13:22:46,454 [Worker-96: Building] INFO  o.e.m.c.i.embedder.EclipseLogger - Using 'UTF-8' encoding to copy filtered resources.
2021-04-29 13:22:46,455 [Worker-96: Building] INFO  o.e.m.c.i.embedder.EclipseLogger - skip non existing resourceDirectory /Users/yun/Desktop/YUN/부스트코스/웹풀스택/mavenweb/src/test/resources
2021-04-29 13:23:51,643 [Worker-106: Building] INFO  o.e.m.c.i.embedder.EclipseLogger - Using 'UTF-8' encoding to copy filtered resources.
2021-04-29 13:23:51,645 [Worker-106: Building] INFO  o.e.m.c.i.embedder.EclipseLogger - skip non existing resourceDirectory /Users/yun/Desktop/YUN/부스트코스/웹풀스택/mavenweb/src/main/resources
2021-04-29 13:23:51,669 [Worker-106: Building] INFO  o.e.m.c.i.embedder.EclipseLogger - Using 'UTF-8' encoding to copy filtered resources.
2021-04-29 13:23:51,669 [Worker-106: Building] INFO  o.e.m.c.i.embedder.EclipseLogger - skip non existing resourceDirectory /Users/yun/Desktop/YUN/부스트코스/웹풀스택/mavenweb/src/test/resources
2021-04-29 13:24:16,958 [Worker-106: Updating Maven Project] INFO  o.e.m.c.i.p.ProjectConfigurationManager - Update started
2021-04-29 13:24:17,397 [Worker-106: Updating Maven Project] INFO  o.e.m.c.i.l.LifecycleMappingFactory - Using org.maven.ide.eclipse.wtp.WarLifecycleMapping lifecycle mapping for MavenProject: kr.or.connect:mavenweb:0.0.1-SNAPSHOT @ /Users/yun/Desktop/YUN/부스트코스/웹풀스택/mavenweb/pom.xml.
2021-04-29 13:24:18,009 [Worker-106: Updating Maven Project] INFO  o.e.m.j.i.AbstractJavaProjectConfigurator - Adding source folder /mavenweb/src/main/java
2021-04-29 13:24:18,009 [Worker-106: Updating Maven Project] INFO  o.e.m.j.i.AbstractJavaProjectConfigurator - Adding source folder /mavenweb/src/test/java
2021-04-29 13:24:18,307 [Worker-106: Updating Maven Project] INFO  o.e.m.w.i.f.ResourceFilteringBuildParticipant - Cleaning filtered folder for mavenweb
2021-04-29 13:24:18,330 [Worker-106: Updating Maven Project] INFO  o.e.m.c.i.p.ProjectConfigurationManager - Update completed: 1 sec
2021-04-29 13:24:18,845 [Worker-106: Building] INFO  o.e.m.c.i.embedder.EclipseLogger - Using 'UTF-8' encoding to copy filtered resources.
2021-04-29 13:24:18,848 [Worker-106: Building] INFO  o.e.m.c.i.embedder.EclipseLogger - skip non existing resourceDirectory /Users/yun/Desktop/YUN/부스트코스/웹풀스택/mavenweb/src/main/resources
2021-04-29 13:24:18,861 [Worker-106: Building] INFO  o.e.m.c.i.embedder.EclipseLogger - Using 'UTF-8' encoding to copy filtered resources.
2021-04-29 13:24:18,865 [Worker-106: Building] INFO  o.e.m.c.i.embedder.EclipseLogger - skip non existing resourceDirectory /Users/yun/Desktop/YUN/부스트코스/웹풀스택/mavenweb/src/test/resources
2021-04-29 13:24:18,865 [Worker-106: Building] INFO  o.e.m.w.i.f.ResourceFilteringBuildParticipant - Changed resources require a complete clean of filtered resources of mavenweb
2021-04-29 13:24:18,865 [Worker-106: Building] INFO  o.e.m.w.i.f.ResourceFilteringBuildParticipant - Executing resource filtering for mavenweb
2021-04-29 13:24:18,879 [Worker-106: Building] INFO  o.e.m.c.i.embedder.EclipseLogger - Using 'UTF-8' encoding to copy filtered resources.
2021-04-29 13:25:36,409 [Worker-106: Building] INFO  o.e.m.c.i.embedder.EclipseLogger - Using 'UTF-8' encoding to copy filtered resources.
2021-04-29 13:25:36,411 [Worker-106: Building] INFO  o.e.m.c.i.embedder.EclipseLogger - skip non existing resourceDirectory /Users/yun/Desktop/YUN/부스트코스/웹풀스택/mavenweb/src/main/resources
2021-04-29 13:25:36,414 [Worker-106: Building] INFO  o.e.m.c.i.embedder.EclipseLogger - Using 'UTF-8' encoding to copy filtered resources.
2021-04-29 13:25:36,414 [Worker-106: Building] INFO  o.e.m.c.i.embedder.EclipseLogger - skip non existing resourceDirectory /Users/yun/Desktop/YUN/부스트코스/웹풀스택/mavenweb/src/test/resources
2021-04-29 13:42:20,661 [Worker-6: Building] INFO  o.e.m.c.i.embedder.EclipseLogger - Using 'UTF-8' encoding to copy filtered resources.
2021-04-29 13:42:20,668 [Worker-6: Building] INFO  o.e.m.c.i.embedder.EclipseLogger - skip non existing resourceDirectory /Users/yun/Desktop/YUN/부스트코스/웹풀스택/mavenweb/src/main/resources
2021-04-29 13:42:20,673 [Worker-6: Building] INFO  o.e.m.c.i.embedder.EclipseLogger - Using 'UTF-8' encoding to copy filtered resources.
2021-04-29 13:42:20,673 [Worker-6: Building] INFO  o.e.m.c.i.embedder.EclipseLogger - skip non existing resourceDirectory /Users/yun/Desktop/YUN/부스트코스/웹풀스택/mavenweb/src/test/resources
2021-04-29 13:49:21,146 [Worker-11: Building] INFO  o.e.m.c.i.embedder.EclipseLogger - Using 'UTF-8' encoding to copy filtered resources.
2021-04-29 13:49:21,158 [Worker-11: Building] INFO  o.e.m.c.i.embedder.EclipseLogger - skip non existing resourceDirectory /Users/yun/Desktop/YUN/부스트코스/웹풀스택/mavenweb/src/main/resources
2021-04-29 13:49:21,173 [Worker-11: Building] INFO  o.e.m.c.i.embedder.EclipseLogger - Using 'UTF-8' encoding to copy filtered resources.
2021-04-29 13:49:21,173 [Worker-11: Building] INFO  o.e.m.c.i.embedder.EclipseLogger - skip non existing resourceDirectory /Users/yun/Desktop/YUN/부스트코스/웹풀스택/mavenweb/src/test/resources
2021-04-29 13:51:10,711 [Worker-0: Building] INFO  o.e.m.c.i.embedder.EclipseLogger - Using 'UTF-8' encoding to copy filtered resources.
2021-04-29 13:51:10,717 [Worker-0: Building] INFO  o.e.m.c.i.embedder.EclipseLogger - skip non existing resourceDirectory /Users/yun/Desktop/YUN/부스트코스/웹풀스택/mavenweb/src/main/resources
2021-04-29 13:51:10,721 [Worker-0: Building] INFO  o.e.m.c.i.embedder.EclipseLogger - Using 'UTF-8' encoding to copy filtered resources.
2021-04-29 13:51:10,721 [Worker-0: Building] INFO  o.e.m.c.i.embedder.EclipseLogger - skip non existing resourceDirectory /Users/yun/Desktop/YUN/부스트코스/웹풀스택/mavenweb/src/test/resources
2021-04-29 13:51:13,096 [Worker-7: Loading available Gradle versions] INFO  o.e.b.c.i.u.g.PublishedGradleVersions - Gradle version information cache is up-to-date. Trying to read.
2021-04-29 13:57:40,554 [Worker-40: Building] INFO  o.e.m.c.i.l.LifecycleMappingFactory - Using org.maven.ide.eclipse.wtp.WarLifecycleMapping lifecycle mapping for MavenProject: kr.or.connect:mavenweb:0.0.1-SNAPSHOT @ /Users/yun/Desktop/YUN/부스트코스/웹풀스택/mavenweb/pom.xml.
2021-04-29 13:57:42,886 [Worker-40: Building] INFO  o.e.m.c.i.e.AbstractTransferListenerAdapter - Downloaded https://repo.maven.apache.org/maven2/mysql/mysql-connector-java/11/mysql-connector-java-11.pom
2021-04-29 13:57:42,898 [Worker-40: Building] WARN  o.e.m.c.i.embedder.EclipseLogger - The POM for mysql:mysql-connector-java:jar:11 is missing, no dependency information available
2021-04-29 13:57:43,365 [Worker-40: Building] INFO  o.e.m.c.i.e.AbstractTransferListenerAdapter - Downloaded https://repo.maven.apache.org/maven2/mysql/mysql-connector-java/11/mysql-connector-java-11.jar
2021-04-29 13:57:43,481 [Worker-40: Building] WARN  o.e.m.c.i.embedder.EclipseLogger - The POM for mysql:mysql-connector-java:jar:11 is missing, no dependency information available
2021-04-29 13:57:44,181 [Worker-40: Building] INFO  o.e.m.c.i.embedder.EclipseLogger - Using 'UTF-8' encoding to copy filtered resources.
2021-04-29 13:57:44,181 [Worker-40: Building] INFO  o.e.m.c.i.embedder.EclipseLogger - skip non existing resourceDirectory /Users/yun/Desktop/YUN/부스트코스/웹풀스택/mavenweb/src/main/resources
2021-04-29 13:57:44,185 [Worker-40: Building] INFO  o.e.m.c.i.embedder.EclipseLogger - Using 'UTF-8' encoding to copy filtered resources.
2021-04-29 13:57:44,186 [Worker-40: Building] INFO  o.e.m.c.i.embedder.EclipseLogger - skip non existing resourceDirectory /Users/yun/Desktop/YUN/부스트코스/웹풀스택/mavenweb/src/test/resources
2021-04-29 13:57:44,186 [Worker-40: Building] INFO  o.e.m.w.i.f.ResourceFilteringBuildParticipant - Changed resources require a complete clean of filtered resources of mavenweb
2021-04-29 13:57:44,186 [Worker-40: Building] INFO  o.e.m.w.i.f.ResourceFilteringBuildParticipant - Executing resource filtering for mavenweb
2021-04-29 13:57:44,193 [Worker-40: Building] INFO  o.e.m.c.i.embedder.EclipseLogger - Using 'UTF-8' encoding to copy filtered resources.
2021-04-29 13:58:11,932 [Worker-8: reload maven project] WARN  o.e.m.c.i.embedder.EclipseLogger - The POM for mysql:mysql-connector-java:jar:11 is missing, no dependency information available
2021-04-29 13:58:16,968 [Worker-0: Building] INFO  o.e.m.c.i.embedder.EclipseLogger - Using 'UTF-8' encoding to copy filtered resources.
2021-04-29 13:58:16,975 [Worker-0: Building] INFO  o.e.m.c.i.embedder.EclipseLogger - skip non existing resourceDirectory /Users/yun/Desktop/YUN/부스트코스/웹풀스택/mavenweb/src/main/resources
2021-04-29 13:58:17,006 [Worker-0: Building] INFO  o.e.m.c.i.embedder.EclipseLogger - Using 'UTF-8' encoding to copy filtered resources.
2021-04-29 13:58:17,007 [Worker-0: Building] INFO  o.e.m.c.i.embedder.EclipseLogger - skip non existing resourceDirectory /Users/yun/Desktop/YUN/부스트코스/웹풀스택/mavenweb/src/test/resources
2021-04-29 13:59:09,607 [Worker-20: Loading available Gradle versions] INFO  o.e.b.c.i.u.g.PublishedGradleVersions - Gradle version information cache is up-to-date. Trying to read.
2021-04-29 13:59:41,156 [Worker-8: Building] INFO  o.e.m.c.i.l.LifecycleMappingFactory - Using org.maven.ide.eclipse.wtp.WarLifecycleMapping lifecycle mapping for MavenProject: kr.or.connect:mavenweb:0.0.1-SNAPSHOT @ /Users/yun/Desktop/YUN/부스트코스/웹풀스택/mavenweb/pom.xml.
2021-04-29 13:59:42,126 [Worker-8: Building] INFO  o.e.m.c.i.embedder.EclipseLogger - Using 'UTF-8' encoding to copy filtered resources.
2021-04-29 13:59:42,126 [Worker-8: Building] INFO  o.e.m.c.i.embedder.EclipseLogger - skip non existing resourceDirectory /Users/yun/Desktop/YUN/부스트코스/웹풀스택/mavenweb/src/main/resources
2021-04-29 13:59:42,130 [Worker-8: Building] INFO  o.e.m.c.i.embedder.EclipseLogger - Using 'UTF-8' encoding to copy filtered resources.
2021-04-29 13:59:42,130 [Worker-8: Building] INFO  o.e.m.c.i.embedder.EclipseLogger - skip non existing resourceDirectory /Users/yun/Desktop/YUN/부스트코스/웹풀스택/mavenweb/src/test/resources
2021-04-29 13:59:42,131 [Worker-8: Building] INFO  o.e.m.w.i.f.ResourceFilteringBuildParticipant - Changed resources require a complete clean of filtered resources of mavenweb
2021-04-29 13:59:42,131 [Worker-8: Building] INFO  o.e.m.w.i.f.ResourceFilteringBuildParticipant - Executing resource filtering for mavenweb
2021-04-29 13:59:42,137 [Worker-8: Building] INFO  o.e.m.c.i.embedder.EclipseLogger - Using 'UTF-8' encoding to copy filtered resources.
2021-04-29 13:59:43,608 [Worker-13: Building] INFO  o.e.m.c.i.embedder.EclipseLogger - Using 'UTF-8' encoding to copy filtered resources.
2021-04-29 13:59:43,608 [Worker-13: Building] INFO  o.e.m.c.i.embedder.EclipseLogger - skip non existing resourceDirectory /Users/yun/Desktop/YUN/부스트코스/웹풀스택/mavenweb/src/main/resources
2021-04-29 13:59:43,616 [Worker-13: Building] INFO  o.e.m.c.i.embedder.EclipseLogger - Using 'UTF-8' encoding to copy filtered resources.
2021-04-29 13:59:43,616 [Worker-13: Building] INFO  o.e.m.c.i.embedder.EclipseLogger - skip non existing resourceDirectory /Users/yun/Desktop/YUN/부스트코스/웹풀스택/mavenweb/src/test/resources
2021-04-29 14:11:26,281 [ModalContext] INFO  o.e.m.c.i.e.AbstractTransferListenerAdapter - Downloading https://repo1.maven.org/maven2/org/apache/maven/archetypes/maven-archetype-archetype/1.4/maven-archetype-archetype-1.4.jar
2021-04-29 14:11:26,693 [ModalContext] INFO  o.e.m.c.i.e.AbstractTransferListenerAdapter - Downloaded https://repo1.maven.org/maven2/org/apache/maven/archetypes/maven-archetype-archetype/1.4/maven-archetype-archetype-1.4.jar
2021-04-29 14:11:26,935 [ModalContext] INFO  o.e.m.c.i.e.AbstractTransferListenerAdapter - Downloading https://repo1.maven.org/maven2/org/apache/maven/archetypes/maven-archetype-archetype/1.4/maven-archetype-archetype-1.4.pom
2021-04-29 14:11:27,204 [ModalContext] INFO  o.e.m.c.i.e.AbstractTransferListenerAdapter - Downloaded https://repo1.maven.org/maven2/org/apache/maven/archetypes/maven-archetype-archetype/1.4/maven-archetype-archetype-1.4.pom
2021-04-29 14:12:05,506 [Worker-35: Creating maven-archetype-archetype] INFO  o.e.m.c.i.p.ProjectConfigurationManager - Collecting project info '/pom.xml' /Users/yun/Desktop/YUN/부스트코스/웹풀스택/jdbcexam/pom.xml
2021-04-29 14:12:06,919 [Worker-35: Creating maven-archetype-archetype] INFO  o.e.m.c.i.e.AbstractTransferListenerAdapter - Downloading https://repo.maven.apache.org/maven2/org/apache/maven/archetype/archetype-packaging/3.0.1/archetype-packaging-3.0.1.pom
2021-04-29 14:12:07,436 [Worker-35: Creating maven-archetype-archetype] INFO  o.e.m.c.i.e.AbstractTransferListenerAdapter - Downloaded https://repo.maven.apache.org/maven2/org/apache/maven/archetype/archetype-packaging/3.0.1/archetype-packaging-3.0.1.pom
2021-04-29 14:12:07,645 [Worker-35: Creating maven-archetype-archetype] INFO  o.e.m.c.i.e.AbstractTransferListenerAdapter - Downloading https://repo.maven.apache.org/maven2/org/apache/maven/archetype/maven-archetype/3.0.1/maven-archetype-3.0.1.pom
2021-04-29 14:12:07,822 [Worker-35: Creating maven-archetype-archetype] INFO  o.e.m.c.i.e.AbstractTransferListenerAdapter - Downloaded https://repo.maven.apache.org/maven2/org/apache/maven/archetype/maven-archetype/3.0.1/maven-archetype-3.0.1.pom
2021-04-29 14:12:08,014 [AetherRepositoryConnector-repo.maven.apache.org-0-1] INFO  o.e.m.c.i.e.AbstractTransferListenerAdapter - Downloading https://repo.maven.apache.org/maven2/org/codehaus/plexus/plexus-utils/1.1/plexus-utils-1.1.jar
2021-04-29 14:12:08,479 [AetherRepositoryConnector-repo.maven.apache.org-0-0] INFO  o.e.m.c.i.e.AbstractTransferListenerAdapter - Downloading https://repo.maven.apache.org/maven2/org/apache/maven/archetype/archetype-packaging/3.0.1/archetype-packaging-3.0.1.jar
2021-04-29 14:12:08,671 [AetherRepositoryConnector-repo.maven.apache.org-0-0] INFO  o.e.m.c.i.e.AbstractTransferListenerAdapter - Downloaded https://repo.maven.apache.org/maven2/org/apache/maven/archetype/archetype-packaging/3.0.1/archetype-packaging-3.0.1.jar
2021-04-29 14:12:08,869 [AetherRepositoryConnector-repo.maven.apache.org-0-1] INFO  o.e.m.c.i.e.AbstractTransferListenerAdapter - Downloaded https://repo.maven.apache.org/maven2/org/codehaus/plexus/plexus-utils/1.1/plexus-utils-1.1.jar
2021-04-29 14:12:09,311 [Worker-35: Creating maven-archetype-archetype] INFO  o.e.m.c.i.e.AbstractTransferListenerAdapter - Downloading https://repo.maven.apache.org/maven2/org/apache/maven/plugins/maven-archetype-plugin/3.0.1/maven-archetype-plugin-3.0.1.jar
2021-04-29 14:12:09,524 [Worker-35: Creating maven-archetype-archetype] INFO  o.e.m.c.i.e.AbstractTransferListenerAdapter - Downloaded https://repo.maven.apache.org/maven2/org/apache/maven/plugins/maven-archetype-plugin/3.0.1/maven-archetype-plugin-3.0.1.jar
2021-04-29 14:12:09,606 [Worker-35: Creating maven-archetype-archetype] INFO  o.e.m.c.i.l.LifecycleMappingFactory - Using DEFAULT lifecycle mapping for MavenProject: kr.or.connect:jdbcexam:0.0.1-SNAPSHOT @ /Users/yun/Desktop/YUN/부스트코스/웹풀스택/jdbcexam/pom.xml.
2021-04-29 14:12:09,688 [Worker-35: Creating maven-archetype-archetype] INFO  o.e.m.c.i.p.ProjectConfigurationManager - Imported and configured 1 project(s) in 4 sec
2021-04-29 14:12:10,160 [Worker-40: Building] INFO  o.e.m.c.i.embedder.EclipseLogger - Using 'UTF-8' encoding to copy filtered resources.
2021-04-29 14:12:10,164 [Worker-40: Building] INFO  o.e.m.c.i.embedder.EclipseLogger - Copying 4 resources
2021-04-29 14:12:10,182 [Worker-40: Building] INFO  o.e.m.c.i.embedder.EclipseLogger - Using 'UTF-8' encoding to copy filtered resources.
2021-04-29 14:12:10,185 [Worker-40: Building] INFO  o.e.m.c.i.embedder.EclipseLogger - Copying 2 resources
2021-04-29 14:20:10,563 [Worker-1: Loading available Gradle versions] INFO  o.e.b.c.i.u.g.PublishedGradleVersions - Gradle version information cache is up-to-date. Trying to read.
2021-04-29 14:20:17,651 [Worker-3: Building] INFO  o.e.m.c.i.embedder.EclipseLogger - Using 'UTF-8' encoding to copy filtered resources.
2021-04-29 14:20:17,654 [Worker-3: Building] INFO  o.e.m.c.i.embedder.EclipseLogger - skip non existing resourceDirectory /Users/yun/Desktop/YUN/부스트코스/웹풀스택/mavenweb/src/main/resources
2021-04-29 14:20:17,692 [Worker-3: Building] INFO  o.e.m.c.i.embedder.EclipseLogger - Using 'UTF-8' encoding to copy filtered resources.
2021-04-29 14:20:17,692 [Worker-3: Building] INFO  o.e.m.c.i.embedder.EclipseLogger - skip non existing resourceDirectory /Users/yun/Desktop/YUN/부스트코스/웹풀스택/mavenweb/src/test/resources
2021-04-29 14:22:21,030 [Worker-32: Creating maven-archetype-webapp] INFO  o.e.m.c.i.p.ProjectConfigurationManager - Collecting project info '/pom.xml' /Users/yun/Desktop/YUN/부스트코스/웹풀스택/jdbcexam/pom.xml
2021-04-29 14:22:21,948 [Worker-32: Creating maven-archetype-webapp] INFO  o.e.m.c.i.l.LifecycleMappingFactory - Using org.maven.ide.eclipse.wtp.WarLifecycleMapping lifecycle mapping for MavenProject: kr.or.connect:jdbcexam:0.0.1-SNAPSHOT @ /Users/yun/Desktop/YUN/부스트코스/웹풀스택/jdbcexam/pom.xml.
2021-04-29 14:22:22,283 [Worker-32: Creating maven-archetype-webapp] INFO  o.e.m.j.i.AbstractJavaProjectConfigurator - Adding source folder /jdbcexam/src/main/java
2021-04-29 14:22:22,284 [Worker-32: Creating maven-archetype-webapp] INFO  o.e.m.j.i.AbstractJavaProjectConfigurator - Adding source folder /jdbcexam/src/test/java
2021-04-29 14:22:23,882 [Worker-32: Creating maven-archetype-webapp] INFO  o.e.m.c.i.p.ProjectConfigurationManager - Imported and configured 1 project(s) in 2 sec
2021-04-29 14:22:25,254 [Worker-35: Building] INFO  o.e.m.c.i.embedder.EclipseLogger - Using 'UTF-8' encoding to copy filtered resources.
2021-04-29 14:22:25,254 [Worker-35: Building] INFO  o.e.m.c.i.embedder.EclipseLogger - skip non existing resourceDirectory /Users/yun/Desktop/YUN/부스트코스/웹풀스택/jdbcexam/src/main/resources
2021-04-29 14:22:25,257 [Worker-35: Building] INFO  o.e.m.c.i.embedder.EclipseLogger - Using 'UTF-8' encoding to copy filtered resources.
2021-04-29 14:22:25,257 [Worker-35: Building] INFO  o.e.m.c.i.embedder.EclipseLogger - skip non existing resourceDirectory /Users/yun/Desktop/YUN/부스트코스/웹풀스택/jdbcexam/src/test/resources
2021-04-29 14:22:50,202 [Worker-34: Updating Maven Project] INFO  o.e.m.c.i.p.ProjectConfigurationManager - Update started
2021-04-29 14:22:50,967 [Worker-34: Updating Maven Project] INFO  o.e.m.c.i.l.LifecycleMappingFactory - Using org.maven.ide.eclipse.wtp.WarLifecycleMapping lifecycle mapping for MavenProject: kr.or.connect:jdbcexam:0.0.1-SNAPSHOT @ /Users/yun/Desktop/YUN/부스트코스/웹풀스택/jdbcexam/pom.xml.
2021-04-29 14:22:51,312 [Worker-34: Updating Maven Project] INFO  o.e.m.j.i.AbstractJavaProjectConfigurator - Adding source folder /jdbcexam/src/main/java
2021-04-29 14:22:51,313 [Worker-34: Updating Maven Project] INFO  o.e.m.j.i.AbstractJavaProjectConfigurator - Adding source folder /jdbcexam/src/test/java
2021-04-29 14:22:51,687 [Worker-34: Updating Maven Project] INFO  o.e.m.w.i.f.ResourceFilteringBuildParticipant - Cleaning filtered folder for jdbcexam
2021-04-29 14:22:51,704 [Worker-34: Updating Maven Project] INFO  o.e.m.c.i.p.ProjectConfigurationManager - Update completed: 1 sec
2021-04-29 14:22:52,103 [Worker-36: Building] INFO  o.e.m.c.i.embedder.EclipseLogger - Using 'UTF-8' encoding to copy filtered resources.
2021-04-29 14:22:52,104 [Worker-36: Building] INFO  o.e.m.c.i.embedder.EclipseLogger - skip non existing resourceDirectory /Users/yun/Desktop/YUN/부스트코스/웹풀스택/jdbcexam/src/main/resources
2021-04-29 14:22:52,106 [Worker-36: Building] INFO  o.e.m.c.i.embedder.EclipseLogger - Using 'UTF-8' encoding to copy filtered resources.
2021-04-29 14:22:52,106 [Worker-36: Building] INFO  o.e.m.c.i.embedder.EclipseLogger - skip non existing resourceDirectory /Users/yun/Desktop/YUN/부스트코스/웹풀스택/jdbcexam/src/test/resources
2021-04-29 14:22:52,108 [Worker-36: Building] INFO  o.e.m.w.i.f.ResourceFilteringBuildParticipant - Changed resources require a complete clean of filtered resources of jdbcexam
2021-04-29 14:22:52,131 [Worker-36: Building] INFO  o.e.m.w.i.f.ResourceFilteringBuildParticipant - Executing resource filtering for jdbcexam
2021-04-29 14:22:52,198 [Worker-36: Building] INFO  o.e.m.c.i.embedder.EclipseLogger - Using 'UTF-8' encoding to copy filtered resources.
2021-04-29 14:40:24,535 [Worker-41: Building] INFO  o.e.m.c.i.embedder.EclipseLogger - Using 'UTF-8' encoding to copy filtered resources.
2021-04-29 14:40:24,537 [Worker-41: Building] INFO  o.e.m.c.i.embedder.EclipseLogger - skip non existing resourceDirectory /Users/yun/Desktop/YUN/부스트코스/웹풀스택/jdbcexam/src/main/resources
2021-04-29 14:40:24,545 [Worker-41: Building] INFO  o.e.m.c.i.embedder.EclipseLogger - Using 'UTF-8' encoding to copy filtered resources.
2021-04-29 14:40:24,545 [Worker-41: Building] INFO  o.e.m.c.i.embedder.EclipseLogger - skip non existing resourceDirectory /Users/yun/Desktop/YUN/부스트코스/웹풀스택/jdbcexam/src/test/resources
2021-04-29 14:44:35,442 [Worker-51: Building] INFO  o.e.m.c.i.embedder.EclipseLogger - Using 'UTF-8' encoding to copy filtered resources.
2021-04-29 14:44:35,443 [Worker-51: Building] INFO  o.e.m.c.i.embedder.EclipseLogger - skip non existing resourceDirectory /Users/yun/Desktop/YUN/부스트코스/웹풀스택/jdbcexam/src/main/resources
2021-04-29 14:44:35,445 [Worker-51: Building] INFO  o.e.m.c.i.embedder.EclipseLogger - Using 'UTF-8' encoding to copy filtered resources.
2021-04-29 14:44:35,446 [Worker-51: Building] INFO  o.e.m.c.i.embedder.EclipseLogger - skip non existing resourceDirectory /Users/yun/Desktop/YUN/부스트코스/웹풀스택/jdbcexam/src/test/resources
2021-04-29 14:44:50,043 [Worker-52: Building] INFO  o.e.m.c.i.embedder.EclipseLogger - Using 'UTF-8' encoding to copy filtered resources.
2021-04-29 14:44:50,043 [Worker-52: Building] INFO  o.e.m.c.i.embedder.EclipseLogger - skip non existing resourceDirectory /Users/yun/Desktop/YUN/부스트코스/웹풀스택/jdbcexam/src/main/resources
2021-04-29 14:44:50,046 [Worker-52: Building] INFO  o.e.m.c.i.embedder.EclipseLogger - Using 'UTF-8' encoding to copy filtered resources.
2021-04-29 14:44:50,047 [Worker-52: Building] INFO  o.e.m.c.i.embedder.EclipseLogger - skip non existing resourceDirectory /Users/yun/Desktop/YUN/부스트코스/웹풀스택/jdbcexam/src/test/resources
2021-04-29 14:47:00,149 [Worker-49: Building] INFO  o.e.m.c.i.embedder.EclipseLogger - Using 'UTF-8' encoding to copy filtered resources.
2021-04-29 14:47:00,150 [Worker-49: Building] INFO  o.e.m.c.i.embedder.EclipseLogger - skip non existing resourceDirectory /Users/yun/Desktop/YUN/부스트코스/웹풀스택/jdbcexam/src/main/resources
2021-04-29 14:47:00,151 [Worker-49: Building] INFO  o.e.m.c.i.embedder.EclipseLogger - Using 'UTF-8' encoding to copy filtered resources.
2021-04-29 14:47:00,151 [Worker-49: Building] INFO  o.e.m.c.i.embedder.EclipseLogger - skip non existing resourceDirectory /Users/yun/Desktop/YUN/부스트코스/웹풀스택/jdbcexam/src/test/resources
2021-04-29 14:47:09,079 [Worker-51: Building] INFO  o.e.m.c.i.e.AbstractTransferListenerAdapter - Downloading https://repo.maven.apache.org/maven2/org/apache/maven/plugins/maven-jar-plugin/2.4/maven-jar-plugin-2.4.jar
2021-04-29 14:47:09,454 [Worker-51: Building] INFO  o.e.m.c.i.e.AbstractTransferListenerAdapter - Downloaded https://repo.maven.apache.org/maven2/org/apache/maven/plugins/maven-jar-plugin/2.4/maven-jar-plugin-2.4.jar
2021-04-29 14:47:10,406 [Worker-51: Building] INFO  o.e.m.c.i.l.LifecycleMappingFactory - Using org.eclipse.m2e.jdt.JarLifecycleMapping lifecycle mapping for MavenProject: kr.or.connect:jdbcexam:0.0.1-SNAPSHOT @ /Users/yun/Desktop/YUN/부스트코스/웹풀스택/jdbcexam/pom.xml.
2021-04-29 14:47:11,104 [Worker-51: Building] INFO  o.e.m.c.i.e.AbstractTransferListenerAdapter - Downloading https://repo.maven.apache.org/maven2/mysql/mysql-connector-java/8.0.24/mysql-connector-java-8.0.24.pom
2021-04-29 14:47:11,450 [Worker-51: Building] INFO  o.e.m.c.i.e.AbstractTransferListenerAdapter - Downloaded https://repo.maven.apache.org/maven2/mysql/mysql-connector-java/8.0.24/mysql-connector-java-8.0.24.pom
2021-04-29 14:47:11,714 [Worker-51: Building] INFO  o.e.m.c.i.e.AbstractTransferListenerAdapter - Downloading https://repo.maven.apache.org/maven2/com/google/protobuf/protobuf-java/3.11.4/protobuf-java-3.11.4.pom
2021-04-29 14:47:11,900 [Worker-51: Building] INFO  o.e.m.c.i.e.AbstractTransferListenerAdapter - Downloaded https://repo.maven.apache.org/maven2/com/google/protobuf/protobuf-java/3.11.4/protobuf-java-3.11.4.pom
2021-04-29 14:47:12,095 [Worker-51: Building] INFO  o.e.m.c.i.e.AbstractTransferListenerAdapter - Downloading https://repo.maven.apache.org/maven2/com/google/protobuf/protobuf-parent/3.11.4/protobuf-parent-3.11.4.pom
2021-04-29 14:47:12,299 [Worker-51: Building] INFO  o.e.m.c.i.e.AbstractTransferListenerAdapter - Downloaded https://repo.maven.apache.org/maven2/com/google/protobuf/protobuf-parent/3.11.4/protobuf-parent-3.11.4.pom
2021-04-29 14:47:12,537 [Worker-51: Building] INFO  o.e.m.c.i.e.AbstractTransferListenerAdapter - Downloading https://repo.maven.apache.org/maven2/com/google/protobuf/protobuf-bom/3.11.4/protobuf-bom-3.11.4.pom
2021-04-29 14:47:12,712 [Worker-51: Building] INFO  o.e.m.c.i.e.AbstractTransferListenerAdapter - Downloaded https://repo.maven.apache.org/maven2/com/google/protobuf/protobuf-bom/3.11.4/protobuf-bom-3.11.4.pom
2021-04-29 14:47:13,054 [AetherRepositoryConnector-repo.maven.apache.org-0-1] INFO  o.e.m.c.i.e.AbstractTransferListenerAdapter - Downloading https://repo.maven.apache.org/maven2/com/google/protobuf/protobuf-java/3.11.4/protobuf-java-3.11.4.jar
2021-04-29 14:47:13,192 [AetherRepositoryConnector-repo.maven.apache.org-0-0] INFO  o.e.m.c.i.e.AbstractTransferListenerAdapter - Downloading https://repo.maven.apache.org/maven2/mysql/mysql-connector-java/8.0.24/mysql-connector-java-8.0.24.jar
2021-04-29 14:47:14,454 [AetherRepositoryConnector-repo.maven.apache.org-0-1] INFO  o.e.m.c.i.e.AbstractTransferListenerAdapter - Downloaded https://repo.maven.apache.org/maven2/com/google/protobuf/protobuf-java/3.11.4/protobuf-java-3.11.4.jar
2021-04-29 14:47:14,616 [AetherRepositoryConnector-repo.maven.apache.org-0-0] INFO  o.e.m.c.i.e.AbstractTransferListenerAdapter - Downloaded https://repo.maven.apache.org/maven2/mysql/mysql-connector-java/8.0.24/mysql-connector-java-8.0.24.jar
2021-04-29 14:47:15,677 [Worker-51: Building] INFO  o.e.m.c.i.e.AbstractTransferListenerAdapter - Downloading https://repo.maven.apache.org/maven2/org/apache/maven/plugins/maven-jar-plugin/2.4/maven-jar-plugin-2.4.pom
2021-04-29 14:47:16,014 [Worker-51: Building] INFO  o.e.m.c.i.e.AbstractTransferListenerAdapter - Downloaded https://repo.maven.apache.org/maven2/org/apache/maven/plugins/maven-jar-plugin/2.4/maven-jar-plugin-2.4.pom
2021-04-29 14:47:16,443 [Worker-51: Building] INFO  o.e.m.c.i.e.AbstractTransferListenerAdapter - Downloading https://repo.maven.apache.org/maven2/commons-lang/commons-lang/2.1/commons-lang-2.1.jar
2021-04-29 14:47:16,947 [Worker-51: Building] INFO  o.e.m.c.i.e.AbstractTransferListenerAdapter - Downloaded https://repo.maven.apache.org/maven2/commons-lang/commons-lang/2.1/commons-lang-2.1.jar
2021-04-29 14:47:17,643 [Worker-51: Building] INFO  o.e.m.c.i.embedder.EclipseLogger - Using 'UTF-8' encoding to copy filtered resources.
2021-04-29 14:47:17,644 [Worker-51: Building] INFO  o.e.m.c.i.embedder.EclipseLogger - skip non existing resourceDirectory /Users/yun/Desktop/YUN/부스트코스/웹풀스택/jdbcexam/src/main/resources
2021-04-29 14:47:17,646 [Worker-51: Building] INFO  o.e.m.c.i.embedder.EclipseLogger - Using 'UTF-8' encoding to copy filtered resources.
2021-04-29 14:47:17,647 [Worker-51: Building] INFO  o.e.m.c.i.embedder.EclipseLogger - skip non existing resourceDirectory /Users/yun/Desktop/YUN/부스트코스/웹풀스택/jdbcexam/src/test/resources
2021-04-29 14:47:19,502 [Worker-51: Download sources and javadoc] INFO  o.e.m.c.i.e.AbstractTransferListenerAdapter - Downloading https://repo.maven.apache.org/maven2/mysql/mysql-connector-java/8.0.24/mysql-connector-java-8.0.24-sources.jar
2021-04-29 14:47:20,543 [Worker-51: Download sources and javadoc] INFO  o.e.m.c.i.e.AbstractTransferListenerAdapter - Downloaded https://repo.maven.apache.org/maven2/mysql/mysql-connector-java/8.0.24/mysql-connector-java-8.0.24-sources.jar
2021-04-29 14:47:20,631 [Worker-51: Download sources and javadoc] INFO  o.e.m.j.internal.DownloadSourcesJob - Downloaded sources for mysql:mysql-connector-java:8.0.24
2021-04-29 14:47:21,266 [Worker-51: Download sources and javadoc] INFO  o.e.m.c.i.e.AbstractTransferListenerAdapter - Downloading https://repo.maven.apache.org/maven2/com/google/protobuf/protobuf-java/3.11.4/protobuf-java-3.11.4-sources.jar
2021-04-29 14:47:21,997 [Worker-51: Download sources and javadoc] INFO  o.e.m.c.i.e.AbstractTransferListenerAdapter - Downloaded https://repo.maven.apache.org/maven2/com/google/protobuf/protobuf-java/3.11.4/protobuf-java-3.11.4-sources.jar
2021-04-29 14:47:22,056 [Worker-51: Download sources and javadoc] INFO  o.e.m.j.internal.DownloadSourcesJob - Downloaded sources for com.google.protobuf:protobuf-java:3.11.4
2021-04-29 14:47:24,491 [Worker-56: Building] INFO  o.e.m.c.i.embedder.EclipseLogger - Using 'UTF-8' encoding to copy filtered resources.
2021-04-29 14:47:24,492 [Worker-56: Building] INFO  o.e.m.c.i.embedder.EclipseLogger - skip non existing resourceDirectory /Users/yun/Desktop/YUN/부스트코스/웹풀스택/jdbcexam/src/main/resources
2021-04-29 14:47:24,495 [Worker-56: Building] INFO  o.e.m.c.i.embedder.EclipseLogger - Using 'UTF-8' encoding to copy filtered resources.
2021-04-29 14:47:24,496 [Worker-56: Building] INFO  o.e.m.c.i.embedder.EclipseLogger - skip non existing resourceDirectory /Users/yun/Desktop/YUN/부스트코스/웹풀스택/jdbcexam/src/test/resources
2021-04-29 14:47:31,433 [Worker-54: Building] INFO  o.e.m.c.i.embedder.EclipseLogger - Using 'UTF-8' encoding to copy filtered resources.
2021-04-29 14:47:31,434 [Worker-54: Building] INFO  o.e.m.c.i.embedder.EclipseLogger - skip non existing resourceDirectory /Users/yun/Desktop/YUN/부스트코스/웹풀스택/jdbcexam/src/main/resources
2021-04-29 14:47:31,441 [Worker-54: Building] INFO  o.e.m.c.i.embedder.EclipseLogger - Using 'UTF-8' encoding to copy filtered resources.
2021-04-29 14:47:31,441 [Worker-54: Building] INFO  o.e.m.c.i.embedder.EclipseLogger - skip non existing resourceDirectory /Users/yun/Desktop/YUN/부스트코스/웹풀스택/jdbcexam/src/test/resources
2021-04-29 14:47:35,598 [Worker-57: Building] INFO  o.e.m.c.i.embedder.EclipseLogger - Using 'UTF-8' encoding to copy filtered resources.
2021-04-29 14:47:35,598 [Worker-57: Building] INFO  o.e.m.c.i.embedder.EclipseLogger - skip non existing resourceDirectory /Users/yun/Desktop/YUN/부스트코스/웹풀스택/jdbcexam/src/main/resources
2021-04-29 14:47:35,599 [Worker-57: Building] INFO  o.e.m.c.i.embedder.EclipseLogger - Using 'UTF-8' encoding to copy filtered resources.
2021-04-29 14:47:35,599 [Worker-57: Building] INFO  o.e.m.c.i.embedder.EclipseLogger - skip non existing resourceDirectory /Users/yun/Desktop/YUN/부스트코스/웹풀스택/jdbcexam/src/test/resources
2021-04-29 14:47:42,755 [Worker-54: Building] INFO  o.e.m.c.i.embedder.EclipseLogger - Using 'UTF-8' encoding to copy filtered resources.
2021-04-29 14:47:42,755 [Worker-54: Building] INFO  o.e.m.c.i.embedder.EclipseLogger - skip non existing resourceDirectory /Users/yun/Desktop/YUN/부스트코스/웹풀스택/jdbcexam/src/main/resources
2021-04-29 14:47:42,757 [Worker-54: Building] INFO  o.e.m.c.i.embedder.EclipseLogger - Using 'UTF-8' encoding to copy filtered resources.
2021-04-29 14:47:42,757 [Worker-54: Building] INFO  o.e.m.c.i.embedder.EclipseLogger - skip non existing resourceDirectory /Users/yun/Desktop/YUN/부스트코스/웹풀스택/jdbcexam/src/test/resources
2021-04-29 14:48:05,919 [Worker-57: Building] INFO  o.e.m.c.i.embedder.EclipseLogger - Using 'UTF-8' encoding to copy filtered resources.
2021-04-29 14:48:05,920 [Worker-57: Building] INFO  o.e.m.c.i.embedder.EclipseLogger - skip non existing resourceDirectory /Users/yun/Desktop/YUN/부스트코스/웹풀스택/jdbcexam/src/main/resources
2021-04-29 14:48:05,921 [Worker-57: Building] INFO  o.e.m.c.i.embedder.EclipseLogger - Using 'UTF-8' encoding to copy filtered resources.
2021-04-29 14:48:05,921 [Worker-57: Building] INFO  o.e.m.c.i.embedder.EclipseLogger - skip non existing resourceDirectory /Users/yun/Desktop/YUN/부스트코스/웹풀스택/jdbcexam/src/test/resources
2021-04-29 14:48:19,096 [Worker-51: Building] INFO  o.e.m.c.i.embedder.EclipseLogger - Using 'UTF-8' encoding to copy filtered resources.
2021-04-29 14:48:19,097 [Worker-51: Building] INFO  o.e.m.c.i.embedder.EclipseLogger - skip non existing resourceDirectory /Users/yun/Desktop/YUN/부스트코스/웹풀스택/jdbcexam/src/main/resources
2021-04-29 14:48:19,106 [Worker-51: Building] INFO  o.e.m.c.i.embedder.EclipseLogger - Using 'UTF-8' encoding to copy filtered resources.
2021-04-29 14:48:19,106 [Worker-51: Building] INFO  o.e.m.c.i.embedder.EclipseLogger - skip non existing resourceDirectory /Users/yun/Desktop/YUN/부스트코스/웹풀스택/jdbcexam/src/test/resources
2021-04-29 14:48:36,929 [Worker-51: Building] INFO  o.e.m.c.i.embedder.EclipseLogger - Using 'UTF-8' encoding to copy filtered resources.
2021-04-29 14:48:36,931 [Worker-51: Building] INFO  o.e.m.c.i.embedder.EclipseLogger - skip non existing resourceDirectory /Users/yun/Desktop/YUN/부스트코스/웹풀스택/jdbcexam/src/main/resources
2021-04-29 14:48:36,933 [Worker-51: Building] INFO  o.e.m.c.i.embedder.EclipseLogger - Using 'UTF-8' encoding to copy filtered resources.
2021-04-29 14:48:36,933 [Worker-51: Building] INFO  o.e.m.c.i.embedder.EclipseLogger - skip non existing resourceDirectory /Users/yun/Desktop/YUN/부스트코스/웹풀스택/jdbcexam/src/test/resources
2021-04-29 14:48:44,654 [Worker-51: Building] INFO  o.e.m.c.i.embedder.EclipseLogger - Using 'UTF-8' encoding to copy filtered resources.
2021-04-29 14:48:44,654 [Worker-51: Building] INFO  o.e.m.c.i.embedder.EclipseLogger - skip non existing resourceDirectory /Users/yun/Desktop/YUN/부스트코스/웹풀스택/jdbcexam/src/main/resources
2021-04-29 14:48:44,657 [Worker-51: Building] INFO  o.e.m.c.i.embedder.EclipseLogger - Using 'UTF-8' encoding to copy filtered resources.
2021-04-29 14:48:44,657 [Worker-51: Building] INFO  o.e.m.c.i.embedder.EclipseLogger - skip non existing resourceDirectory /Users/yun/Desktop/YUN/부스트코스/웹풀스택/jdbcexam/src/test/resources
2021-04-29 14:49:02,522 [Worker-57: Building] INFO  o.e.m.c.i.embedder.EclipseLogger - Using 'UTF-8' encoding to copy filtered resources.
2021-04-29 14:49:02,523 [Worker-57: Building] INFO  o.e.m.c.i.embedder.EclipseLogger - skip non existing resourceDirectory /Users/yun/Desktop/YUN/부스트코스/웹풀스택/jdbcexam/src/main/resources
2021-04-29 14:49:02,525 [Worker-57: Building] INFO  o.e.m.c.i.embedder.EclipseLogger - Using 'UTF-8' encoding to copy filtered resources.
2021-04-29 14:49:02,525 [Worker-57: Building] INFO  o.e.m.c.i.embedder.EclipseLogger - skip non existing resourceDirectory /Users/yun/Desktop/YUN/부스트코스/웹풀스택/jdbcexam/src/test/resources
2021-04-29 14:56:38,844 [Worker-62: Building] INFO  o.e.m.c.i.embedder.EclipseLogger - Using 'UTF-8' encoding to copy filtered resources.
2021-04-29 14:56:38,846 [Worker-62: Building] INFO  o.e.m.c.i.embedder.EclipseLogger - skip non existing resourceDirectory /Users/yun/Desktop/YUN/부스트코스/웹풀스택/jdbcexam/src/main/resources
2021-04-29 14:56:38,847 [Worker-62: Building] INFO  o.e.m.c.i.embedder.EclipseLogger - Using 'UTF-8' encoding to copy filtered resources.
2021-04-29 14:56:38,847 [Worker-62: Building] INFO  o.e.m.c.i.embedder.EclipseLogger - skip non existing resourceDirectory /Users/yun/Desktop/YUN/부스트코스/웹풀스택/jdbcexam/src/test/resources
2021-04-29 18:23:11,861 [Worker-3: Building] INFO  o.e.m.c.i.embedder.EclipseLogger - Using 'UTF-8' encoding to copy filtered resources.
2021-04-29 18:23:11,869 [Worker-3: Building] INFO  o.e.m.c.i.embedder.EclipseLogger - skip non existing resourceDirectory /Users/yun/Desktop/YUN/부스트코스/웹풀스택/jdbcexam/src/main/resources
2021-04-29 18:23:11,918 [Worker-3: Building] INFO  o.e.m.c.i.embedder.EclipseLogger - Using 'UTF-8' encoding to copy filtered resources.
2021-04-29 18:23:11,918 [Worker-3: Building] INFO  o.e.m.c.i.embedder.EclipseLogger - skip non existing resourceDirectory /Users/yun/Desktop/YUN/부스트코스/웹풀스택/jdbcexam/src/test/resources
2021-04-29 18:26:52,297 [Worker-6: Building] INFO  o.e.m.c.i.embedder.EclipseLogger - Using 'UTF-8' encoding to copy filtered resources.
2021-04-29 18:26:52,297 [Worker-6: Building] INFO  o.e.m.c.i.embedder.EclipseLogger - skip non existing resourceDirectory /Users/yun/Desktop/YUN/부스트코스/웹풀스택/jdbcexam/src/main/resources
2021-04-29 18:26:52,299 [Worker-6: Building] INFO  o.e.m.c.i.embedder.EclipseLogger - Using 'UTF-8' encoding to copy filtered resources.
2021-04-29 18:26:52,299 [Worker-6: Building] INFO  o.e.m.c.i.embedder.EclipseLogger - skip non existing resourceDirectory /Users/yun/Desktop/YUN/부스트코스/웹풀스택/jdbcexam/src/test/resources
2021-04-29 18:27:25,036 [Worker-13: Building] INFO  o.e.m.c.i.embedder.EclipseLogger - Using 'UTF-8' encoding to copy filtered resources.
2021-04-29 18:27:25,037 [Worker-13: Building] INFO  o.e.m.c.i.embedder.EclipseLogger - skip non existing resourceDirectory /Users/yun/Desktop/YUN/부스트코스/웹풀스택/jdbcexam/src/main/resources
2021-04-29 18:27:25,040 [Worker-13: Building] INFO  o.e.m.c.i.embedder.EclipseLogger - Using 'UTF-8' encoding to copy filtered resources.
2021-04-29 18:27:25,040 [Worker-13: Building] INFO  o.e.m.c.i.embedder.EclipseLogger - skip non existing resourceDirectory /Users/yun/Desktop/YUN/부스트코스/웹풀스택/jdbcexam/src/test/resources
2021-04-29 18:27:28,437 [Worker-13: Loading available Gradle versions] INFO  o.e.b.c.i.u.g.PublishedGradleVersions - Gradle version information cache is out-of-date. Trying to update.
2021-04-29 18:36:26,137 [Worker-43: Building] INFO  o.e.m.c.i.embedder.EclipseLogger - Using 'UTF-8' encoding to copy filtered resources.
2021-04-29 18:36:26,138 [Worker-43: Building] INFO  o.e.m.c.i.embedder.EclipseLogger - skip non existing resourceDirectory /Users/yun/Desktop/YUN/부스트코스/웹풀스택/jdbcexam/src/main/resources
2021-04-29 18:36:26,141 [Worker-43: Building] INFO  o.e.m.c.i.embedder.EclipseLogger - Using 'UTF-8' encoding to copy filtered resources.
2021-04-29 18:36:26,141 [Worker-43: Building] INFO  o.e.m.c.i.embedder.EclipseLogger - skip non existing resourceDirectory /Users/yun/Desktop/YUN/부스트코스/웹풀스택/jdbcexam/src/test/resources
2021-04-29 18:36:58,612 [Worker-6: Building] INFO  o.e.m.c.i.embedder.EclipseLogger - Using 'UTF-8' encoding to copy filtered resources.
2021-04-29 18:36:58,613 [Worker-6: Building] INFO  o.e.m.c.i.embedder.EclipseLogger - skip non existing resourceDirectory /Users/yun/Desktop/YUN/부스트코스/웹풀스택/jdbcexam/src/main/resources
2021-04-29 18:36:58,615 [Worker-6: Building] INFO  o.e.m.c.i.embedder.EclipseLogger - Using 'UTF-8' encoding to copy filtered resources.
2021-04-29 18:36:58,616 [Worker-6: Building] INFO  o.e.m.c.i.embedder.EclipseLogger - skip non existing resourceDirectory /Users/yun/Desktop/YUN/부스트코스/웹풀스택/jdbcexam/src/test/resources
2021-04-29 18:37:07,682 [Worker-6: Building] INFO  o.e.m.c.i.embedder.EclipseLogger - Using 'UTF-8' encoding to copy filtered resources.
2021-04-29 18:37:07,683 [Worker-6: Building] INFO  o.e.m.c.i.embedder.EclipseLogger - skip non existing resourceDirectory /Users/yun/Desktop/YUN/부스트코스/웹풀스택/jdbcexam/src/main/resources
2021-04-29 18:37:07,688 [Worker-6: Building] INFO  o.e.m.c.i.embedder.EclipseLogger - Using 'UTF-8' encoding to copy filtered resources.
2021-04-29 18:37:07,688 [Worker-6: Building] INFO  o.e.m.c.i.embedder.EclipseLogger - skip non existing resourceDirectory /Users/yun/Desktop/YUN/부스트코스/웹풀스택/jdbcexam/src/test/resources
2021-04-29 18:37:50,119 [Worker-13: Building] INFO  o.e.m.c.i.embedder.EclipseLogger - Using 'UTF-8' encoding to copy filtered resources.
2021-04-29 18:37:50,119 [Worker-13: Building] INFO  o.e.m.c.i.embedder.EclipseLogger - skip non existing resourceDirectory /Users/yun/Desktop/YUN/부스트코스/웹풀스택/jdbcexam/src/main/resources
2021-04-29 18:37:50,122 [Worker-13: Building] INFO  o.e.m.c.i.embedder.EclipseLogger - Using 'UTF-8' encoding to copy filtered resources.
2021-04-29 18:37:50,122 [Worker-13: Building] INFO  o.e.m.c.i.embedder.EclipseLogger - skip non existing resourceDirectory /Users/yun/Desktop/YUN/부스트코스/웹풀스택/jdbcexam/src/test/resources
2021-04-29 18:39:49,494 [Worker-46: Building] INFO  o.e.m.c.i.embedder.EclipseLogger - Using 'UTF-8' encoding to copy filtered resources.
2021-04-29 18:39:49,495 [Worker-46: Building] INFO  o.e.m.c.i.embedder.EclipseLogger - skip non existing resourceDirectory /Users/yun/Desktop/YUN/부스트코스/웹풀스택/jdbcexam/src/main/resources
2021-04-29 18:39:49,499 [Worker-46: Building] INFO  o.e.m.c.i.embedder.EclipseLogger - Using 'UTF-8' encoding to copy filtered resources.
2021-04-29 18:39:49,500 [Worker-46: Building] INFO  o.e.m.c.i.embedder.EclipseLogger - skip non existing resourceDirectory /Users/yun/Desktop/YUN/부스트코스/웹풀스택/jdbcexam/src/test/resources
2021-04-29 18:40:04,256 [Worker-46: Building] INFO  o.e.m.c.i.l.LifecycleMappingFactory - Using org.eclipse.m2e.jdt.JarLifecycleMapping lifecycle mapping for MavenProject: kr.or.connect:jdbcexam:0.0.1-SNAPSHOT @ /Users/yun/Desktop/YUN/부스트코스/웹풀스택/jdbcexam/pom.xml.
2021-04-29 18:40:05,325 [Worker-46: Building] INFO  o.e.m.c.i.e.AbstractTransferListenerAdapter - Downloading https://repo.maven.apache.org/maven2/mysql/mysql-connector-java/8.0.23/mysql-connector-java-8.0.23.pom
2021-04-29 18:40:05,645 [Worker-46: Building] INFO  o.e.m.c.i.e.AbstractTransferListenerAdapter - Downloaded https://repo.maven.apache.org/maven2/mysql/mysql-connector-java/8.0.23/mysql-connector-java-8.0.23.pom
2021-04-29 18:40:05,837 [Worker-46: Building] INFO  o.e.m.c.i.e.AbstractTransferListenerAdapter - Downloading https://repo.maven.apache.org/maven2/mysql/mysql-connector-java/8.0.23/mysql-connector-java-8.0.23.jar
2021-04-29 18:40:06,979 [Worker-46: Building] INFO  o.e.m.c.i.e.AbstractTransferListenerAdapter - Downloaded https://repo.maven.apache.org/maven2/mysql/mysql-connector-java/8.0.23/mysql-connector-java-8.0.23.jar
2021-04-29 18:40:07,730 [Worker-46: Building] INFO  o.e.m.c.i.embedder.EclipseLogger - Using 'UTF-8' encoding to copy filtered resources.
2021-04-29 18:40:07,730 [Worker-46: Building] INFO  o.e.m.c.i.embedder.EclipseLogger - skip non existing resourceDirectory /Users/yun/Desktop/YUN/부스트코스/웹풀스택/jdbcexam/src/main/resources
2021-04-29 18:40:07,734 [Worker-46: Building] INFO  o.e.m.c.i.embedder.EclipseLogger - Using 'UTF-8' encoding to copy filtered resources.
2021-04-29 18:40:07,734 [Worker-46: Building] INFO  o.e.m.c.i.embedder.EclipseLogger - skip non existing resourceDirectory /Users/yun/Desktop/YUN/부스트코스/웹풀스택/jdbcexam/src/test/resources
2021-04-29 18:40:08,439 [Worker-48: Building] INFO  o.e.m.c.i.embedder.EclipseLogger - Using 'UTF-8' encoding to copy filtered resources.
2021-04-29 18:40:08,439 [Worker-48: Building] INFO  o.e.m.c.i.embedder.EclipseLogger - skip non existing resourceDirectory /Users/yun/Desktop/YUN/부스트코스/웹풀스택/jdbcexam/src/main/resources
2021-04-29 18:40:08,440 [Worker-48: Building] INFO  o.e.m.c.i.embedder.EclipseLogger - Using 'UTF-8' encoding to copy filtered resources.
2021-04-29 18:40:08,440 [Worker-48: Building] INFO  o.e.m.c.i.embedder.EclipseLogger - skip non existing resourceDirectory /Users/yun/Desktop/YUN/부스트코스/웹풀스택/jdbcexam/src/test/resources
2021-04-29 18:40:09,202 [Worker-47: Download sources and javadoc] INFO  o.e.m.c.i.e.AbstractTransferListenerAdapter - Downloading https://repo.maven.apache.org/maven2/mysql/mysql-connector-java/8.0.23/mysql-connector-java-8.0.23-sources.jar
2021-04-29 18:40:10,285 [Worker-47: Download sources and javadoc] INFO  o.e.m.c.i.e.AbstractTransferListenerAdapter - Downloaded https://repo.maven.apache.org/maven2/mysql/mysql-connector-java/8.0.23/mysql-connector-java-8.0.23-sources.jar
2021-04-29 18:40:10,609 [Worker-47: Download sources and javadoc] INFO  o.e.m.j.internal.DownloadSourcesJob - Downloaded sources for mysql:mysql-connector-java:8.0.23
2021-04-29 18:40:11,009 [Worker-49: Building] INFO  o.e.m.c.i.embedder.EclipseLogger - Using 'UTF-8' encoding to copy filtered resources.
2021-04-29 18:40:11,009 [Worker-49: Building] INFO  o.e.m.c.i.embedder.EclipseLogger - skip non existing resourceDirectory /Users/yun/Desktop/YUN/부스트코스/웹풀스택/jdbcexam/src/main/resources
2021-04-29 18:40:11,013 [Worker-49: Building] INFO  o.e.m.c.i.embedder.EclipseLogger - Using 'UTF-8' encoding to copy filtered resources.
2021-04-29 18:40:11,014 [Worker-49: Building] INFO  o.e.m.c.i.embedder.EclipseLogger - skip non existing resourceDirectory /Users/yun/Desktop/YUN/부스트코스/웹풀스택/jdbcexam/src/test/resources
2021-04-29 18:43:12,435 [Worker-49: Updating Maven Project] INFO  o.e.m.c.i.p.ProjectConfigurationManager - Update started
2021-04-29 18:43:12,865 [Worker-49: Updating Maven Project] INFO  o.e.m.c.i.l.LifecycleMappingFactory - Using org.eclipse.m2e.jdt.JarLifecycleMapping lifecycle mapping for MavenProject: kr.or.connect:jdbcexam:0.0.1-SNAPSHOT @ /Users/yun/Desktop/YUN/부스트코스/웹풀스택/jdbcexam/pom.xml.
2021-04-29 18:43:13,133 [Worker-49: Updating Maven Project] INFO  o.e.m.j.i.AbstractJavaProjectConfigurator - Adding source folder /jdbcexam/src/main/java
2021-04-29 18:43:13,136 [Worker-49: Updating Maven Project] INFO  o.e.m.j.i.AbstractJavaProjectConfigurator - Adding source folder /jdbcexam/src/test/java
2021-04-29 18:43:13,455 [Worker-49: Updating Maven Project] INFO  o.e.m.c.i.p.ProjectConfigurationManager - Update completed: 1 sec
2021-04-29 18:43:14,211 [Worker-47: Building] INFO  o.e.m.c.i.embedder.EclipseLogger - Using 'UTF-8' encoding to copy filtered resources.
2021-04-29 18:43:14,214 [Worker-47: Building] INFO  o.e.m.c.i.embedder.EclipseLogger - skip non existing resourceDirectory /Users/yun/Desktop/YUN/부스트코스/웹풀스택/jdbcexam/src/main/resources
2021-04-29 18:43:14,224 [Worker-47: Building] INFO  o.e.m.c.i.embedder.EclipseLogger - Using 'UTF-8' encoding to copy filtered resources.
2021-04-29 18:43:14,224 [Worker-47: Building] INFO  o.e.m.c.i.embedder.EclipseLogger - skip non existing resourceDirectory /Users/yun/Desktop/YUN/부스트코스/웹풀스택/jdbcexam/src/test/resources
2021-04-29 18:46:45,250 [Worker-45: Building] INFO  o.e.m.c.i.embedder.EclipseLogger - Using 'UTF-8' encoding to copy filtered resources.
2021-04-29 18:46:45,252 [Worker-45: Building] INFO  o.e.m.c.i.embedder.EclipseLogger - skip non existing resourceDirectory /Users/yun/Desktop/YUN/부스트코스/웹풀스택/jdbcexam/src/main/resources
2021-04-29 18:46:45,262 [Worker-45: Building] INFO  o.e.m.c.i.embedder.EclipseLogger - Using 'UTF-8' encoding to copy filtered resources.
2021-04-29 18:46:45,263 [Worker-45: Building] INFO  o.e.m.c.i.embedder.EclipseLogger - skip non existing resourceDirectory /Users/yun/Desktop/YUN/부스트코스/웹풀스택/jdbcexam/src/test/resources
2021-04-29 18:48:11,739 [Worker-47: Building] INFO  o.e.m.c.i.embedder.EclipseLogger - Using 'UTF-8' encoding to copy filtered resources.
2021-04-29 18:48:11,739 [Worker-47: Building] INFO  o.e.m.c.i.embedder.EclipseLogger - skip non existing resourceDirectory /Users/yun/Desktop/YUN/부스트코스/웹풀스택/jdbcexam/src/main/resources
2021-04-29 18:48:11,741 [Worker-47: Building] INFO  o.e.m.c.i.embedder.EclipseLogger - Using 'UTF-8' encoding to copy filtered resources.
2021-04-29 18:48:11,741 [Worker-47: Building] INFO  o.e.m.c.i.embedder.EclipseLogger - skip non existing resourceDirectory /Users/yun/Desktop/YUN/부스트코스/웹풀스택/jdbcexam/src/test/resources
2021-04-29 18:53:18,307 [Worker-53: Building] INFO  o.e.m.c.i.embedder.EclipseLogger - Using 'UTF-8' encoding to copy filtered resources.
2021-04-29 18:53:18,313 [Worker-53: Building] INFO  o.e.m.c.i.embedder.EclipseLogger - skip non existing resourceDirectory /Users/yun/Desktop/YUN/부스트코스/웹풀스택/jdbcexam/src/main/resources
2021-04-29 18:53:18,338 [Worker-53: Building] INFO  o.e.m.c.i.embedder.EclipseLogger - Using 'UTF-8' encoding to copy filtered resources.
2021-04-29 18:53:18,339 [Worker-53: Building] INFO  o.e.m.c.i.embedder.EclipseLogger - skip non existing resourceDirectory /Users/yun/Desktop/YUN/부스트코스/웹풀스택/jdbcexam/src/test/resources
2021-04-29 18:55:51,463 [Worker-47: Building] INFO  o.e.m.c.i.embedder.EclipseLogger - Using 'UTF-8' encoding to copy filtered resources.
2021-04-29 18:55:51,464 [Worker-47: Building] INFO  o.e.m.c.i.embedder.EclipseLogger - skip non existing resourceDirectory /Users/yun/Desktop/YUN/부스트코스/웹풀스택/jdbcexam/src/main/resources
2021-04-29 18:55:51,467 [Worker-47: Building] INFO  o.e.m.c.i.embedder.EclipseLogger - Using 'UTF-8' encoding to copy filtered resources.
2021-04-29 18:55:51,467 [Worker-47: Building] INFO  o.e.m.c.i.embedder.EclipseLogger - skip non existing resourceDirectory /Users/yun/Desktop/YUN/부스트코스/웹풀스택/jdbcexam/src/test/resources
2021-04-29 18:55:51,652 [Worker-47: Building] INFO  o.e.m.c.i.embedder.EclipseLogger - Using 'UTF-8' encoding to copy filtered resources.
2021-04-29 18:55:51,652 [Worker-47: Building] INFO  o.e.m.c.i.embedder.EclipseLogger - skip non existing resourceDirectory /Users/yun/Desktop/YUN/부스트코스/웹풀스택/mavenweb/src/main/resources
2021-04-29 18:55:51,654 [Worker-47: Building] INFO  o.e.m.c.i.embedder.EclipseLogger - Using 'UTF-8' encoding to copy filtered resources.
2021-04-29 18:55:51,654 [Worker-47: Building] INFO  o.e.m.c.i.embedder.EclipseLogger - skip non existing resourceDirectory /Users/yun/Desktop/YUN/부스트코스/웹풀스택/mavenweb/src/test/resources
2021-04-29 18:55:54,575 [Worker-58: Building] INFO  o.e.m.c.i.embedder.EclipseLogger - Using 'UTF-8' encoding to copy filtered resources.
2021-04-29 18:55:54,577 [Worker-58: Building] INFO  o.e.m.c.i.embedder.EclipseLogger - skip non existing resourceDirectory /Users/yun/Desktop/YUN/부스트코스/웹풀스택/jdbcexam/src/main/resources
2021-04-29 18:55:54,579 [Worker-58: Building] INFO  o.e.m.c.i.embedder.EclipseLogger - Using 'UTF-8' encoding to copy filtered resources.
2021-04-29 18:55:54,579 [Worker-58: Building] INFO  o.e.m.c.i.embedder.EclipseLogger - skip non existing resourceDirectory /Users/yun/Desktop/YUN/부스트코스/웹풀스택/jdbcexam/src/test/resources
2021-04-29 18:58:00,512 [Worker-51: Building] INFO  o.e.m.c.i.embedder.EclipseLogger - Using 'UTF-8' encoding to copy filtered resources.
2021-04-29 18:58:00,515 [Worker-51: Building] INFO  o.e.m.c.i.embedder.EclipseLogger - skip non existing resourceDirectory /Users/yun/Desktop/YUN/부스트코스/웹풀스택/jdbcexam/src/main/resources
2021-04-29 18:58:00,518 [Worker-51: Building] INFO  o.e.m.c.i.embedder.EclipseLogger - Using 'UTF-8' encoding to copy filtered resources.
2021-04-29 18:58:00,518 [Worker-51: Building] INFO  o.e.m.c.i.embedder.EclipseLogger - skip non existing resourceDirectory /Users/yun/Desktop/YUN/부스트코스/웹풀스택/jdbcexam/src/test/resources
2021-07-05 18:09:07,921 [Worker-4: Loading available Gradle versions] INFO  o.e.b.c.i.u.g.PublishedGradleVersions - Gradle version information cache is out-of-date. Trying to update.
2021-07-05 18:09:15,816 [Worker-16: Building] INFO  o.e.m.c.i.embedder.EclipseLogger - Using 'UTF-8' encoding to copy filtered resources.
2021-07-05 18:09:15,816 [Worker-16: Building] INFO  o.e.m.c.i.embedder.EclipseLogger - skip non existing resourceDirectory /Users/yun/Desktop/YUN/부스트코스/웹풀스택/jdbcexam/src/main/resources
2021-07-05 18:09:15,825 [Worker-16: Building] INFO  o.e.m.c.i.embedder.EclipseLogger - Using 'UTF-8' encoding to copy filtered resources.
2021-07-05 18:09:15,825 [Worker-16: Building] INFO  o.e.m.c.i.embedder.EclipseLogger - skip non existing resourceDirectory /Users/yun/Desktop/YUN/부스트코스/웹풀스택/jdbcexam/src/test/resources
2021-07-05 18:09:16,526 [Worker-11: Building] INFO  o.e.m.c.i.embedder.EclipseLogger - Using 'UTF-8' encoding to copy filtered resources.
2021-07-05 18:09:16,526 [Worker-11: Building] INFO  o.e.m.c.i.embedder.EclipseLogger - skip non existing resourceDirectory /Users/yun/Desktop/YUN/부스트코스/웹풀스택/mavenweb/src/main/resources
2021-07-05 18:09:16,529 [Worker-11: Building] INFO  o.e.m.c.i.embedder.EclipseLogger - Using 'UTF-8' encoding to copy filtered resources.
2021-07-05 18:09:16,529 [Worker-11: Building] INFO  o.e.m.c.i.embedder.EclipseLogger - skip non existing resourceDirectory /Users/yun/Desktop/YUN/부스트코스/웹풀스택/mavenweb/src/test/resources
2021-07-05 18:15:56,645 [Worker-7: Building] INFO  o.e.m.c.i.embedder.EclipseLogger - Using 'UTF-8' encoding to copy filtered resources.
2021-07-05 18:15:56,646 [Worker-7: Building] INFO  o.e.m.c.i.embedder.EclipseLogger - skip non existing resourceDirectory /Users/yun/Desktop/YUN/부스트코스/웹풀스택/jdbcexam/src/main/resources
2021-07-05 18:15:56,649 [Worker-7: Building] INFO  o.e.m.c.i.embedder.EclipseLogger - Using 'UTF-8' encoding to copy filtered resources.
2021-07-05 18:15:56,649 [Worker-7: Building] INFO  o.e.m.c.i.embedder.EclipseLogger - skip non existing resourceDirectory /Users/yun/Desktop/YUN/부스트코스/웹풀스택/jdbcexam/src/test/resources
2021-07-05 18:18:25,307 [Worker-7: Building] INFO  o.e.m.c.i.embedder.EclipseLogger - Using 'UTF-8' encoding to copy filtered resources.
2021-07-05 18:18:25,308 [Worker-7: Building] INFO  o.e.m.c.i.embedder.EclipseLogger - skip non existing resourceDirectory /Users/yun/Desktop/YUN/부스트코스/웹풀스택/jdbcexam/src/main/resources
2021-07-05 18:18:25,310 [Worker-7: Building] INFO  o.e.m.c.i.embedder.EclipseLogger - Using 'UTF-8' encoding to copy filtered resources.
2021-07-05 18:18:25,310 [Worker-7: Building] INFO  o.e.m.c.i.embedder.EclipseLogger - skip non existing resourceDirectory /Users/yun/Desktop/YUN/부스트코스/웹풀스택/jdbcexam/src/test/resources
2021-07-05 18:18:33,515 [Worker-25: Building] INFO  o.e.m.c.i.embedder.EclipseLogger - Using 'UTF-8' encoding to copy filtered resources.
2021-07-05 18:18:33,516 [Worker-25: Building] INFO  o.e.m.c.i.embedder.EclipseLogger - skip non existing resourceDirectory /Users/yun/Desktop/YUN/부스트코스/웹풀스택/jdbcexam/src/main/resources
2021-07-05 18:18:33,518 [Worker-25: Building] INFO  o.e.m.c.i.embedder.EclipseLogger - Using 'UTF-8' encoding to copy filtered resources.
2021-07-05 18:18:33,518 [Worker-25: Building] INFO  o.e.m.c.i.embedder.EclipseLogger - skip non existing resourceDirectory /Users/yun/Desktop/YUN/부스트코스/웹풀스택/jdbcexam/src/test/resources
2021-07-05 18:18:53,972 [Worker-33: Building] INFO  o.e.m.c.i.embedder.EclipseLogger - Using 'UTF-8' encoding to copy filtered resources.
2021-07-05 18:18:53,973 [Worker-33: Building] INFO  o.e.m.c.i.embedder.EclipseLogger - skip non existing resourceDirectory /Users/yun/Desktop/YUN/부스트코스/웹풀스택/jdbcexam/src/main/resources
2021-07-05 18:18:53,976 [Worker-33: Building] INFO  o.e.m.c.i.embedder.EclipseLogger - Using 'UTF-8' encoding to copy filtered resources.
2021-07-05 18:18:53,976 [Worker-33: Building] INFO  o.e.m.c.i.embedder.EclipseLogger - skip non existing resourceDirectory /Users/yun/Desktop/YUN/부스트코스/웹풀스택/jdbcexam/src/test/resources
2021-07-05 18:19:03,596 [Worker-32: Building] INFO  o.e.m.c.i.embedder.EclipseLogger - Using 'UTF-8' encoding to copy filtered resources.
2021-07-05 18:19:03,599 [Worker-32: Building] INFO  o.e.m.c.i.embedder.EclipseLogger - skip non existing resourceDirectory /Users/yun/Desktop/YUN/부스트코스/웹풀스택/jdbcexam/src/main/resources
2021-07-05 18:19:03,603 [Worker-32: Building] INFO  o.e.m.c.i.embedder.EclipseLogger - Using 'UTF-8' encoding to copy filtered resources.
2021-07-05 18:19:03,609 [Worker-32: Building] INFO  o.e.m.c.i.embedder.EclipseLogger - skip non existing resourceDirectory /Users/yun/Desktop/YUN/부스트코스/웹풀스택/jdbcexam/src/test/resources
2021-07-05 18:20:01,408 [Worker-33: Building] INFO  o.e.m.c.i.embedder.EclipseLogger - Using 'UTF-8' encoding to copy filtered resources.
2021-07-05 18:20:01,409 [Worker-33: Building] INFO  o.e.m.c.i.embedder.EclipseLogger - skip non existing resourceDirectory /Users/yun/Desktop/YUN/부스트코스/웹풀스택/jdbcexam/src/main/resources
2021-07-05 18:20:01,416 [Worker-33: Building] INFO  o.e.m.c.i.embedder.EclipseLogger - Using 'UTF-8' encoding to copy filtered resources.
2021-07-05 18:20:01,416 [Worker-33: Building] INFO  o.e.m.c.i.embedder.EclipseLogger - skip non existing resourceDirectory /Users/yun/Desktop/YUN/부스트코스/웹풀스택/jdbcexam/src/test/resources
2021-07-05 18:27:34,458 [Worker-32: Building] INFO  o.e.m.c.i.embedder.EclipseLogger - Using 'UTF-8' encoding to copy filtered resources.
2021-07-05 18:27:34,461 [Worker-32: Building] INFO  o.e.m.c.i.embedder.EclipseLogger - skip non existing resourceDirectory /Users/yun/Desktop/YUN/부스트코스/웹풀스택/jdbcexam/src/main/resources
2021-07-05 18:27:34,462 [Worker-32: Building] INFO  o.e.m.c.i.embedder.EclipseLogger - Using 'UTF-8' encoding to copy filtered resources.
2021-07-05 18:27:34,462 [Worker-32: Building] INFO  o.e.m.c.i.embedder.EclipseLogger - skip non existing resourceDirectory /Users/yun/Desktop/YUN/부스트코스/웹풀스택/jdbcexam/src/test/resources
2021-07-05 18:29:21,192 [Worker-47: Building] INFO  o.e.m.c.i.embedder.EclipseLogger - Using 'UTF-8' encoding to copy filtered resources.
2021-07-05 18:29:21,193 [Worker-47: Building] INFO  o.e.m.c.i.embedder.EclipseLogger - skip non existing resourceDirectory /Users/yun/Desktop/YUN/부스트코스/웹풀스택/jdbcexam/src/main/resources
2021-07-05 18:29:21,195 [Worker-47: Building] INFO  o.e.m.c.i.embedder.EclipseLogger - Using 'UTF-8' encoding to copy filtered resources.
2021-07-05 18:29:21,196 [Worker-47: Building] INFO  o.e.m.c.i.embedder.EclipseLogger - skip non existing resourceDirectory /Users/yun/Desktop/YUN/부스트코스/웹풀스택/jdbcexam/src/test/resources
2021-07-05 18:49:27,711 [Worker-58: Building] INFO  o.e.m.c.i.embedder.EclipseLogger - Using 'UTF-8' encoding to copy filtered resources.
2021-07-05 18:49:27,712 [Worker-58: Building] INFO  o.e.m.c.i.embedder.EclipseLogger - skip non existing resourceDirectory /Users/yun/Desktop/YUN/부스트코스/웹풀스택/jdbcexam/src/main/resources
2021-07-05 18:49:27,714 [Worker-58: Building] INFO  o.e.m.c.i.embedder.EclipseLogger - Using 'UTF-8' encoding to copy filtered resources.
2021-07-05 18:49:27,714 [Worker-58: Building] INFO  o.e.m.c.i.embedder.EclipseLogger - skip non existing resourceDirectory /Users/yun/Desktop/YUN/부스트코스/웹풀스택/jdbcexam/src/test/resources
2021-07-05 18:53:46,591 [Worker-59: Building] INFO  o.e.m.c.i.embedder.EclipseLogger - Using 'UTF-8' encoding to copy filtered resources.
2021-07-05 18:53:46,593 [Worker-59: Building] INFO  o.e.m.c.i.embedder.EclipseLogger - skip non existing resourceDirectory /Users/yun/Desktop/YUN/부스트코스/웹풀스택/jdbcexam/src/main/resources
2021-07-05 18:53:46,608 [Worker-59: Building] INFO  o.e.m.c.i.embedder.EclipseLogger - Using 'UTF-8' encoding to copy filtered resources.
2021-07-05 18:53:46,609 [Worker-59: Building] INFO  o.e.m.c.i.embedder.EclipseLogger - skip non existing resourceDirectory /Users/yun/Desktop/YUN/부스트코스/웹풀스택/jdbcexam/src/test/resources
2021-07-05 18:53:52,721 [Worker-56: Building] INFO  o.e.m.c.i.embedder.EclipseLogger - Using 'UTF-8' encoding to copy filtered resources.
2021-07-05 18:53:52,721 [Worker-56: Building] INFO  o.e.m.c.i.embedder.EclipseLogger - skip non existing resourceDirectory /Users/yun/Desktop/YUN/부스트코스/웹풀스택/jdbcexam/src/main/resources
2021-07-05 18:53:52,722 [Worker-56: Building] INFO  o.e.m.c.i.embedder.EclipseLogger - Using 'UTF-8' encoding to copy filtered resources.
2021-07-05 18:53:52,723 [Worker-56: Building] INFO  o.e.m.c.i.embedder.EclipseLogger - skip non existing resourceDirectory /Users/yun/Desktop/YUN/부스트코스/웹풀스택/jdbcexam/src/test/resources
2021-07-05 18:54:25,689 [Worker-59: Building] INFO  o.e.m.c.i.embedder.EclipseLogger - Using 'UTF-8' encoding to copy filtered resources.
2021-07-05 18:54:25,690 [Worker-59: Building] INFO  o.e.m.c.i.embedder.EclipseLogger - skip non existing resourceDirectory /Users/yun/Desktop/YUN/부스트코스/웹풀스택/jdbcexam/src/main/resources
2021-07-05 18:54:25,696 [Worker-59: Building] INFO  o.e.m.c.i.embedder.EclipseLogger - Using 'UTF-8' encoding to copy filtered resources.
2021-07-05 18:54:25,697 [Worker-59: Building] INFO  o.e.m.c.i.embedder.EclipseLogger - skip non existing resourceDirectory /Users/yun/Desktop/YUN/부스트코스/웹풀스택/jdbcexam/src/test/resources
2021-07-05 18:54:30,144 [Worker-58: Building] INFO  o.e.m.c.i.embedder.EclipseLogger - Using 'UTF-8' encoding to copy filtered resources.
2021-07-05 18:54:30,145 [Worker-58: Building] INFO  o.e.m.c.i.embedder.EclipseLogger - skip non existing resourceDirectory /Users/yun/Desktop/YUN/부스트코스/웹풀스택/jdbcexam/src/main/resources
2021-07-05 18:54:30,147 [Worker-58: Building] INFO  o.e.m.c.i.embedder.EclipseLogger - Using 'UTF-8' encoding to copy filtered resources.
2021-07-05 18:54:30,147 [Worker-58: Building] INFO  o.e.m.c.i.embedder.EclipseLogger - skip non existing resourceDirectory /Users/yun/Desktop/YUN/부스트코스/웹풀스택/jdbcexam/src/test/resources
2021-07-05 18:54:44,718 [Worker-59: Building] INFO  o.e.m.c.i.embedder.EclipseLogger - Using 'UTF-8' encoding to copy filtered resources.
2021-07-05 18:54:44,719 [Worker-59: Building] INFO  o.e.m.c.i.embedder.EclipseLogger - skip non existing resourceDirectory /Users/yun/Desktop/YUN/부스트코스/웹풀스택/jdbcexam/src/main/resources
2021-07-05 18:54:44,720 [Worker-59: Building] INFO  o.e.m.c.i.embedder.EclipseLogger - Using 'UTF-8' encoding to copy filtered resources.
2021-07-05 18:54:44,720 [Worker-59: Building] INFO  o.e.m.c.i.embedder.EclipseLogger - skip non existing resourceDirectory /Users/yun/Desktop/YUN/부스트코스/웹풀스택/jdbcexam/src/test/resources
2021-07-05 18:55:32,903 [Worker-58: Building] INFO  o.e.m.c.i.embedder.EclipseLogger - Using 'UTF-8' encoding to copy filtered resources.
2021-07-05 18:55:32,905 [Worker-58: Building] INFO  o.e.m.c.i.embedder.EclipseLogger - skip non existing resourceDirectory /Users/yun/Desktop/YUN/부스트코스/웹풀스택/jdbcexam/src/main/resources
2021-07-05 18:55:32,907 [Worker-58: Building] INFO  o.e.m.c.i.embedder.EclipseLogger - Using 'UTF-8' encoding to copy filtered resources.
2021-07-05 18:55:32,907 [Worker-58: Building] INFO  o.e.m.c.i.embedder.EclipseLogger - skip non existing resourceDirectory /Users/yun/Desktop/YUN/부스트코스/웹풀스택/jdbcexam/src/test/resources
2021-07-05 18:58:23,030 [Worker-61: Building] INFO  o.e.m.c.i.embedder.EclipseLogger - Using 'UTF-8' encoding to copy filtered resources.
2021-07-05 18:58:23,032 [Worker-61: Building] INFO  o.e.m.c.i.embedder.EclipseLogger - skip non existing resourceDirectory /Users/yun/Desktop/YUN/부스트코스/웹풀스택/jdbcexam/src/main/resources
2021-07-05 18:58:23,034 [Worker-61: Building] INFO  o.e.m.c.i.embedder.EclipseLogger - Using 'UTF-8' encoding to copy filtered resources.
2021-07-05 18:58:23,035 [Worker-61: Building] INFO  o.e.m.c.i.embedder.EclipseLogger - skip non existing resourceDirectory /Users/yun/Desktop/YUN/부스트코스/웹풀스택/jdbcexam/src/test/resources
2021-07-05 19:01:31,085 [Worker-58: Building] INFO  o.e.m.c.i.embedder.EclipseLogger - Using 'UTF-8' encoding to copy filtered resources.
2021-07-05 19:01:31,087 [Worker-58: Building] INFO  o.e.m.c.i.embedder.EclipseLogger - skip non existing resourceDirectory /Users/yun/Desktop/YUN/부스트코스/웹풀스택/jdbcexam/src/main/resources
2021-07-05 19:01:31,090 [Worker-58: Building] INFO  o.e.m.c.i.embedder.EclipseLogger - Using 'UTF-8' encoding to copy filtered resources.
2021-07-05 19:01:31,090 [Worker-58: Building] INFO  o.e.m.c.i.embedder.EclipseLogger - skip non existing resourceDirectory /Users/yun/Desktop/YUN/부스트코스/웹풀스택/jdbcexam/src/test/resources
2021-07-05 19:01:45,158 [Worker-61: Building] INFO  o.e.m.c.i.embedder.EclipseLogger - Using 'UTF-8' encoding to copy filtered resources.
2021-07-05 19:01:45,161 [Worker-61: Building] INFO  o.e.m.c.i.embedder.EclipseLogger - skip non existing resourceDirectory /Users/yun/Desktop/YUN/부스트코스/웹풀스택/jdbcexam/src/main/resources
2021-07-05 19:01:45,166 [Worker-61: Building] INFO  o.e.m.c.i.embedder.EclipseLogger - Using 'UTF-8' encoding to copy filtered resources.
2021-07-05 19:01:45,166 [Worker-61: Building] INFO  o.e.m.c.i.embedder.EclipseLogger - skip non existing resourceDirectory /Users/yun/Desktop/YUN/부스트코스/웹풀스택/jdbcexam/src/test/resources
2021-07-05 19:02:18,518 [Worker-56: Building] INFO  o.e.m.c.i.embedder.EclipseLogger - Using 'UTF-8' encoding to copy filtered resources.
2021-07-05 19:02:18,519 [Worker-56: Building] INFO  o.e.m.c.i.embedder.EclipseLogger - skip non existing resourceDirectory /Users/yun/Desktop/YUN/부스트코스/웹풀스택/jdbcexam/src/main/resources
2021-07-05 19:02:18,525 [Worker-56: Building] INFO  o.e.m.c.i.embedder.EclipseLogger - Using 'UTF-8' encoding to copy filtered resources.
2021-07-05 19:02:18,525 [Worker-56: Building] INFO  o.e.m.c.i.embedder.EclipseLogger - skip non existing resourceDirectory /Users/yun/Desktop/YUN/부스트코스/웹풀스택/jdbcexam/src/test/resources
2021-07-05 19:02:31,392 [Worker-53: Launching JDBCExam4] INFO  o.e.m.c.i.embedder.EclipseLogger - Using 'UTF-8' encoding to copy filtered resources.
2021-07-05 19:02:31,393 [Worker-53: Launching JDBCExam4] INFO  o.e.m.c.i.embedder.EclipseLogger - skip non existing resourceDirectory /Users/yun/Desktop/YUN/부스트코스/웹풀스택/jdbcexam/src/main/resources
2021-07-05 19:02:31,393 [Worker-53: Launching JDBCExam4] INFO  o.e.m.c.i.embedder.EclipseLogger - Using 'UTF-8' encoding to copy filtered resources.
2021-07-05 19:02:31,393 [Worker-53: Launching JDBCExam4] INFO  o.e.m.c.i.embedder.EclipseLogger - skip non existing resourceDirectory /Users/yun/Desktop/YUN/부스트코스/웹풀스택/jdbcexam/src/test/resources
2021-07-05 19:02:42,626 [Worker-61: Building] INFO  o.e.m.c.i.embedder.EclipseLogger - Using 'UTF-8' encoding to copy filtered resources.
2021-07-05 19:02:42,627 [Worker-61: Building] INFO  o.e.m.c.i.embedder.EclipseLogger - skip non existing resourceDirectory /Users/yun/Desktop/YUN/부스트코스/웹풀스택/jdbcexam/src/main/resources
2021-07-05 19:02:42,627 [Worker-61: Building] INFO  o.e.m.c.i.embedder.EclipseLogger - Using 'UTF-8' encoding to copy filtered resources.
2021-07-05 19:02:42,627 [Worker-61: Building] INFO  o.e.m.c.i.embedder.EclipseLogger - skip non existing resourceDirectory /Users/yun/Desktop/YUN/부스트코스/웹풀스택/jdbcexam/src/test/resources
2021-07-05 19:03:40,806 [Worker-56: Building] INFO  o.e.m.c.i.embedder.EclipseLogger - Using 'UTF-8' encoding to copy filtered resources.
2021-07-05 19:03:40,806 [Worker-56: Building] INFO  o.e.m.c.i.embedder.EclipseLogger - skip non existing resourceDirectory /Users/yun/Desktop/YUN/부스트코스/웹풀스택/jdbcexam/src/main/resources
2021-07-05 19:03:40,807 [Worker-56: Building] INFO  o.e.m.c.i.embedder.EclipseLogger - Using 'UTF-8' encoding to copy filtered resources.
2021-07-05 19:03:40,807 [Worker-56: Building] INFO  o.e.m.c.i.embedder.EclipseLogger - skip non existing resourceDirectory /Users/yun/Desktop/YUN/부스트코스/웹풀스택/jdbcexam/src/test/resources
