12-Mar-2021 19:57:31.184 INFO [main] org.apache.catalina.startup.VersionLoggerListener.log 서버 버전 이름:    Apache Tomcat/10.0.4
12-Mar-2021 19:57:31.193 INFO [main] org.apache.catalina.startup.VersionLoggerListener.log Server 빌드 시각:  Mar 5 2021 11:07:15 UTC
12-Mar-2021 19:57:31.193 INFO [main] org.apache.catalina.startup.VersionLoggerListener.log Server 버전 번호:  10.0.4.0
12-Mar-2021 19:57:31.193 INFO [main] org.apache.catalina.startup.VersionLoggerListener.log 운영체제 이름:     Mac OS X
12-Mar-2021 19:57:31.194 INFO [main] org.apache.catalina.startup.VersionLoggerListener.log 운영체제 버전:     10.16
12-Mar-2021 19:57:31.194 INFO [main] org.apache.catalina.startup.VersionLoggerListener.log 아키텍처:          x86_64
12-Mar-2021 19:57:31.194 INFO [main] org.apache.catalina.startup.VersionLoggerListener.log 자바 홈:           /Library/Java/JavaVirtualMachines/jdk-15.0.2.jdk/Contents/Home
12-Mar-2021 19:57:31.194 INFO [main] org.apache.catalina.startup.VersionLoggerListener.log JVM 버전:          15.0.2+7-27
12-Mar-2021 19:57:31.194 INFO [main] org.apache.catalina.startup.VersionLoggerListener.log JVM 벤더:          Oracle Corporation
12-Mar-2021 19:57:31.194 INFO [main] org.apache.catalina.startup.VersionLoggerListener.log CATALINA_BASE:     /Users/yun/Desktop/YUN/부스트코스/웹 백엔드/apache-tomcat-10.0.4
12-Mar-2021 19:57:31.194 INFO [main] org.apache.catalina.startup.VersionLoggerListener.log CATALINA_HOME:     /Users/yun/Desktop/YUN/부스트코스/웹 백엔드/apache-tomcat-10.0.4
12-Mar-2021 19:57:31.264 INFO [main] org.apache.catalina.startup.VersionLoggerListener.log 명령 행 아규먼트:  --add-opens=java.base/java.lang=ALL-UNNAMED
12-Mar-2021 19:57:31.264 INFO [main] org.apache.catalina.startup.VersionLoggerListener.log 명령 행 아규먼트:  --add-opens=java.base/java.io=ALL-UNNAMED
12-Mar-2021 19:57:31.265 INFO [main] org.apache.catalina.startup.VersionLoggerListener.log 명령 행 아규먼트:  --add-opens=java.base/java.util=ALL-UNNAMED
12-Mar-2021 19:57:31.265 INFO [main] org.apache.catalina.startup.VersionLoggerListener.log 명령 행 아규먼트:  --add-opens=java.base/java.util.concurrent=ALL-UNNAMED
12-Mar-2021 19:57:31.265 INFO [main] org.apache.catalina.startup.VersionLoggerListener.log 명령 행 아규먼트:  --add-opens=java.rmi/sun.rmi.transport=ALL-UNNAMED
12-Mar-2021 19:57:31.265 INFO [main] org.apache.catalina.startup.VersionLoggerListener.log 명령 행 아규먼트:  -Djava.util.logging.config.file=/Users/yun/Desktop/YUN/부스트코스/웹 백엔드/apache-tomcat-10.0.4/conf/logging.properties
12-Mar-2021 19:57:31.265 INFO [main] org.apache.catalina.startup.VersionLoggerListener.log 명령 행 아규먼트:  -Djava.util.logging.manager=org.apache.juli.ClassLoaderLogManager
12-Mar-2021 19:57:31.265 INFO [main] org.apache.catalina.startup.VersionLoggerListener.log 명령 행 아규먼트:  -Djdk.tls.ephemeralDHKeySize=2048
12-Mar-2021 19:57:31.265 INFO [main] org.apache.catalina.startup.VersionLoggerListener.log 명령 행 아규먼트:  -Djava.protocol.handler.pkgs=org.apache.catalina.webresources
12-Mar-2021 19:57:31.265 INFO [main] org.apache.catalina.startup.VersionLoggerListener.log 명령 행 아규먼트:  -Dorg.apache.catalina.security.SecurityListener.UMASK=0027
12-Mar-2021 19:57:31.265 INFO [main] org.apache.catalina.startup.VersionLoggerListener.log 명령 행 아규먼트:  -Dignore.endorsed.dirs=
12-Mar-2021 19:57:31.265 INFO [main] org.apache.catalina.startup.VersionLoggerListener.log 명령 행 아규먼트:  -Dcatalina.base=/Users/yun/Desktop/YUN/부스트코스/웹 백엔드/apache-tomcat-10.0.4
12-Mar-2021 19:57:31.265 INFO [main] org.apache.catalina.startup.VersionLoggerListener.log 명령 행 아규먼트:  -Dcatalina.home=/Users/yun/Desktop/YUN/부스트코스/웹 백엔드/apache-tomcat-10.0.4
12-Mar-2021 19:57:31.265 INFO [main] org.apache.catalina.startup.VersionLoggerListener.log 명령 행 아규먼트:  -Djava.io.tmpdir=/Users/yun/Desktop/YUN/부스트코스/웹 백엔드/apache-tomcat-10.0.4/temp
12-Mar-2021 19:57:31.270 INFO [main] org.apache.catalina.core.AprLifecycleListener.lifecycleEvent 프로덕션 환경들에서 최적의 성능을 제공하는, APR 기반 Apache Tomcat Native 라이브러리가, 다음 java.library.path에서 발견되지 않습니다: [/Users/yun/Library/Java/Extensions:/Library/Java/Extensions:/Network/Library/Java/Extensions:/System/Library/Java/Extensions:/usr/lib/java:.]
12-Mar-2021 19:57:31.824 INFO [main] org.apache.coyote.AbstractProtocol.init 프로토콜 핸들러 ["http-nio-8080"]을(를) 초기화합니다.
12-Mar-2021 19:57:31.878 INFO [main] org.apache.catalina.startup.Catalina.load [1014] 밀리초 내에 서버가 초기화되었습니다.
12-Mar-2021 19:57:31.932 INFO [main] org.apache.catalina.core.StandardService.startInternal 서비스 [Catalina]을(를) 시작합니다.
12-Mar-2021 19:57:31.932 INFO [main] org.apache.catalina.core.StandardEngine.startInternal 서버 엔진을 시작합니다: [Apache Tomcat/10.0.4]
12-Mar-2021 19:57:31.944 INFO [main] org.apache.catalina.startup.HostConfig.deployDirectory 웹 애플리케이션 디렉토리 [/Users/yun/Desktop/YUN/부스트코스/웹 백엔드/apache-tomcat-10.0.4/webapps/docs]을(를) 배치합니다.
12-Mar-2021 19:57:32.311 INFO [main] org.apache.catalina.startup.HostConfig.deployDirectory 웹 애플리케이션 디렉토리 [/Users/yun/Desktop/YUN/부스트코스/웹 백엔드/apache-tomcat-10.0.4/webapps/docs]에 대한 배치가 [363] 밀리초에 완료되었습니다.
12-Mar-2021 19:57:32.312 INFO [main] org.apache.catalina.startup.HostConfig.deployDirectory 웹 애플리케이션 디렉토리 [/Users/yun/Desktop/YUN/부스트코스/웹 백엔드/apache-tomcat-10.0.4/webapps/manager]을(를) 배치합니다.
12-Mar-2021 19:57:32.404 INFO [main] org.apache.catalina.startup.HostConfig.deployDirectory 웹 애플리케이션 디렉토리 [/Users/yun/Desktop/YUN/부스트코스/웹 백엔드/apache-tomcat-10.0.4/webapps/manager]에 대한 배치가 [92] 밀리초에 완료되었습니다.
12-Mar-2021 19:57:32.405 INFO [main] org.apache.catalina.startup.HostConfig.deployDirectory 웹 애플리케이션 디렉토리 [/Users/yun/Desktop/YUN/부스트코스/웹 백엔드/apache-tomcat-10.0.4/webapps/examples]을(를) 배치합니다.
12-Mar-2021 19:57:32.790 INFO [main] org.apache.catalina.startup.HostConfig.deployDirectory 웹 애플리케이션 디렉토리 [/Users/yun/Desktop/YUN/부스트코스/웹 백엔드/apache-tomcat-10.0.4/webapps/examples]에 대한 배치가 [385] 밀리초에 완료되었습니다.
12-Mar-2021 19:57:32.791 INFO [main] org.apache.catalina.startup.HostConfig.deployDirectory 웹 애플리케이션 디렉토리 [/Users/yun/Desktop/YUN/부스트코스/웹 백엔드/apache-tomcat-10.0.4/webapps/ROOT]을(를) 배치합니다.
12-Mar-2021 19:57:32.880 INFO [main] org.apache.catalina.startup.HostConfig.deployDirectory 웹 애플리케이션 디렉토리 [/Users/yun/Desktop/YUN/부스트코스/웹 백엔드/apache-tomcat-10.0.4/webapps/ROOT]에 대한 배치가 [88] 밀리초에 완료되었습니다.
12-Mar-2021 19:57:32.881 INFO [main] org.apache.catalina.startup.HostConfig.deployDirectory 웹 애플리케이션 디렉토리 [/Users/yun/Desktop/YUN/부스트코스/웹 백엔드/apache-tomcat-10.0.4/webapps/host-manager]을(를) 배치합니다.
12-Mar-2021 19:57:32.924 INFO [main] org.apache.catalina.startup.HostConfig.deployDirectory 웹 애플리케이션 디렉토리 [/Users/yun/Desktop/YUN/부스트코스/웹 백엔드/apache-tomcat-10.0.4/webapps/host-manager]에 대한 배치가 [43] 밀리초에 완료되었습니다.
12-Mar-2021 19:57:32.929 INFO [main] org.apache.coyote.AbstractProtocol.start 프로토콜 핸들러 ["http-nio-8080"]을(를) 시작합니다.
12-Mar-2021 19:57:32.948 INFO [main] org.apache.catalina.startup.Catalina.start 서버가 [1069] 밀리초 내에 시작되었습니다.
12-Mar-2021 20:32:12.978 INFO [main] org.apache.catalina.core.StandardServer.await 셧다운 포트를 통해 유효한 셧다운 명령을 받았습니다. 서버 인스턴스를 중지시킵니다.
12-Mar-2021 20:32:12.988 INFO [main] org.apache.coyote.AbstractProtocol.pause 프로토콜 핸들러 ["http-nio-8080"]을(를) 일시 정지 중
12-Mar-2021 20:32:12.996 INFO [main] org.apache.catalina.core.StandardService.stopInternal 서비스 [Catalina]을(를) 중지시킵니다.
12-Mar-2021 20:32:13.068 INFO [main] org.apache.coyote.AbstractProtocol.stop 프로토콜 핸들러 ["http-nio-8080"]을(를) 중지시킵니다.
12-Mar-2021 20:32:13.115 INFO [main] org.apache.coyote.AbstractProtocol.destroy 프로토콜 핸들러 ["http-nio-8080"]을(를) 소멸시킵니다.
12-Mar-2021 20:40:50.842 INFO [main] org.apache.catalina.startup.VersionLoggerListener.log 서버 버전 이름:    Apache Tomcat/10.0.4
12-Mar-2021 20:40:50.848 INFO [main] org.apache.catalina.startup.VersionLoggerListener.log Server 빌드 시각:  Mar 5 2021 11:07:15 UTC
12-Mar-2021 20:40:50.848 INFO [main] org.apache.catalina.startup.VersionLoggerListener.log Server 버전 번호:  10.0.4.0
12-Mar-2021 20:40:50.848 INFO [main] org.apache.catalina.startup.VersionLoggerListener.log 운영체제 이름:     Mac OS X
12-Mar-2021 20:40:50.849 INFO [main] org.apache.catalina.startup.VersionLoggerListener.log 운영체제 버전:     10.16
12-Mar-2021 20:40:50.849 INFO [main] org.apache.catalina.startup.VersionLoggerListener.log 아키텍처:          x86_64
12-Mar-2021 20:40:50.849 INFO [main] org.apache.catalina.startup.VersionLoggerListener.log 자바 홈:           /Library/Java/JavaVirtualMachines/jdk-15.0.2.jdk/Contents/Home
12-Mar-2021 20:40:50.849 INFO [main] org.apache.catalina.startup.VersionLoggerListener.log JVM 버전:          15.0.2+7-27
12-Mar-2021 20:40:50.849 INFO [main] org.apache.catalina.startup.VersionLoggerListener.log JVM 벤더:          Oracle Corporation
12-Mar-2021 20:40:50.849 INFO [main] org.apache.catalina.startup.VersionLoggerListener.log CATALINA_BASE:     /Users/yun/Desktop/YUN/부스트코스/웹 백엔드/apache-tomcat-10.0.4
12-Mar-2021 20:40:50.850 INFO [main] org.apache.catalina.startup.VersionLoggerListener.log CATALINA_HOME:     /Users/yun/Desktop/YUN/부스트코스/웹 백엔드/apache-tomcat-10.0.4
12-Mar-2021 20:40:50.878 INFO [main] org.apache.catalina.startup.VersionLoggerListener.log 명령 행 아규먼트:  --add-opens=java.base/java.lang=ALL-UNNAMED
12-Mar-2021 20:40:50.878 INFO [main] org.apache.catalina.startup.VersionLoggerListener.log 명령 행 아규먼트:  --add-opens=java.base/java.io=ALL-UNNAMED
12-Mar-2021 20:40:50.878 INFO [main] org.apache.catalina.startup.VersionLoggerListener.log 명령 행 아규먼트:  --add-opens=java.base/java.util=ALL-UNNAMED
12-Mar-2021 20:40:50.878 INFO [main] org.apache.catalina.startup.VersionLoggerListener.log 명령 행 아규먼트:  --add-opens=java.base/java.util.concurrent=ALL-UNNAMED
12-Mar-2021 20:40:50.878 INFO [main] org.apache.catalina.startup.VersionLoggerListener.log 명령 행 아규먼트:  --add-opens=java.rmi/sun.rmi.transport=ALL-UNNAMED
12-Mar-2021 20:40:50.878 INFO [main] org.apache.catalina.startup.VersionLoggerListener.log 명령 행 아규먼트:  -Djava.util.logging.config.file=/Users/yun/Desktop/YUN/부스트코스/웹 백엔드/apache-tomcat-10.0.4/conf/logging.properties
12-Mar-2021 20:40:50.878 INFO [main] org.apache.catalina.startup.VersionLoggerListener.log 명령 행 아규먼트:  -Djava.util.logging.manager=org.apache.juli.ClassLoaderLogManager
12-Mar-2021 20:40:50.878 INFO [main] org.apache.catalina.startup.VersionLoggerListener.log 명령 행 아규먼트:  -Djdk.tls.ephemeralDHKeySize=2048
12-Mar-2021 20:40:50.879 INFO [main] org.apache.catalina.startup.VersionLoggerListener.log 명령 행 아규먼트:  -Djava.protocol.handler.pkgs=org.apache.catalina.webresources
12-Mar-2021 20:40:50.879 INFO [main] org.apache.catalina.startup.VersionLoggerListener.log 명령 행 아규먼트:  -Dorg.apache.catalina.security.SecurityListener.UMASK=0027
12-Mar-2021 20:40:50.879 INFO [main] org.apache.catalina.startup.VersionLoggerListener.log 명령 행 아규먼트:  -Dignore.endorsed.dirs=
12-Mar-2021 20:40:50.879 INFO [main] org.apache.catalina.startup.VersionLoggerListener.log 명령 행 아규먼트:  -Dcatalina.base=/Users/yun/Desktop/YUN/부스트코스/웹 백엔드/apache-tomcat-10.0.4
12-Mar-2021 20:40:50.879 INFO [main] org.apache.catalina.startup.VersionLoggerListener.log 명령 행 아규먼트:  -Dcatalina.home=/Users/yun/Desktop/YUN/부스트코스/웹 백엔드/apache-tomcat-10.0.4
12-Mar-2021 20:40:50.879 INFO [main] org.apache.catalina.startup.VersionLoggerListener.log 명령 행 아규먼트:  -Djava.io.tmpdir=/Users/yun/Desktop/YUN/부스트코스/웹 백엔드/apache-tomcat-10.0.4/temp
12-Mar-2021 20:40:50.884 INFO [main] org.apache.catalina.core.AprLifecycleListener.lifecycleEvent 프로덕션 환경들에서 최적의 성능을 제공하는, APR 기반 Apache Tomcat Native 라이브러리가, 다음 java.library.path에서 발견되지 않습니다: [/Users/yun/Library/Java/Extensions:/Library/Java/Extensions:/Network/Library/Java/Extensions:/System/Library/Java/Extensions:/usr/lib/java:.]
12-Mar-2021 20:40:51.423 INFO [main] org.apache.coyote.AbstractProtocol.init 프로토콜 핸들러 ["http-nio-8080"]을(를) 초기화합니다.
12-Mar-2021 20:40:51.466 INFO [main] org.apache.catalina.startup.Catalina.load [978] 밀리초 내에 서버가 초기화되었습니다.
12-Mar-2021 20:40:51.530 INFO [main] org.apache.catalina.core.StandardService.startInternal 서비스 [Catalina]을(를) 시작합니다.
12-Mar-2021 20:40:51.532 INFO [main] org.apache.catalina.core.StandardEngine.startInternal 서버 엔진을 시작합니다: [Apache Tomcat/10.0.4]
12-Mar-2021 20:40:51.544 INFO [main] org.apache.catalina.startup.HostConfig.deployDirectory 웹 애플리케이션 디렉토리 [/Users/yun/Desktop/YUN/부스트코스/웹 백엔드/apache-tomcat-10.0.4/webapps/docs]을(를) 배치합니다.
12-Mar-2021 20:40:51.927 INFO [main] org.apache.catalina.startup.HostConfig.deployDirectory 웹 애플리케이션 디렉토리 [/Users/yun/Desktop/YUN/부스트코스/웹 백엔드/apache-tomcat-10.0.4/webapps/docs]에 대한 배치가 [379] 밀리초에 완료되었습니다.
12-Mar-2021 20:40:51.927 INFO [main] org.apache.catalina.startup.HostConfig.deployDirectory 웹 애플리케이션 디렉토리 [/Users/yun/Desktop/YUN/부스트코스/웹 백엔드/apache-tomcat-10.0.4/webapps/manager]을(를) 배치합니다.
12-Mar-2021 20:40:52.025 INFO [main] org.apache.catalina.startup.HostConfig.deployDirectory 웹 애플리케이션 디렉토리 [/Users/yun/Desktop/YUN/부스트코스/웹 백엔드/apache-tomcat-10.0.4/webapps/manager]에 대한 배치가 [98] 밀리초에 완료되었습니다.
12-Mar-2021 20:40:52.026 INFO [main] org.apache.catalina.startup.HostConfig.deployDirectory 웹 애플리케이션 디렉토리 [/Users/yun/Desktop/YUN/부스트코스/웹 백엔드/apache-tomcat-10.0.4/webapps/examples]을(를) 배치합니다.
12-Mar-2021 20:40:52.554 INFO [main] org.apache.catalina.startup.HostConfig.deployDirectory 웹 애플리케이션 디렉토리 [/Users/yun/Desktop/YUN/부스트코스/웹 백엔드/apache-tomcat-10.0.4/webapps/examples]에 대한 배치가 [528] 밀리초에 완료되었습니다.
12-Mar-2021 20:40:52.555 INFO [main] org.apache.catalina.startup.HostConfig.deployDirectory 웹 애플리케이션 디렉토리 [/Users/yun/Desktop/YUN/부스트코스/웹 백엔드/apache-tomcat-10.0.4/webapps/ROOT]을(를) 배치합니다.
12-Mar-2021 20:40:52.603 INFO [main] org.apache.catalina.startup.HostConfig.deployDirectory 웹 애플리케이션 디렉토리 [/Users/yun/Desktop/YUN/부스트코스/웹 백엔드/apache-tomcat-10.0.4/webapps/ROOT]에 대한 배치가 [48] 밀리초에 완료되었습니다.
12-Mar-2021 20:40:52.603 INFO [main] org.apache.catalina.startup.HostConfig.deployDirectory 웹 애플리케이션 디렉토리 [/Users/yun/Desktop/YUN/부스트코스/웹 백엔드/apache-tomcat-10.0.4/webapps/host-manager]을(를) 배치합니다.
12-Mar-2021 20:40:52.641 INFO [main] org.apache.catalina.startup.HostConfig.deployDirectory 웹 애플리케이션 디렉토리 [/Users/yun/Desktop/YUN/부스트코스/웹 백엔드/apache-tomcat-10.0.4/webapps/host-manager]에 대한 배치가 [37] 밀리초에 완료되었습니다.
12-Mar-2021 20:40:52.643 INFO [main] org.apache.coyote.AbstractProtocol.start 프로토콜 핸들러 ["http-nio-8080"]을(를) 시작합니다.
12-Mar-2021 20:40:52.654 INFO [main] org.apache.catalina.startup.Catalina.start 서버가 [1187] 밀리초 내에 시작되었습니다.
12-Mar-2021 20:49:02.350 INFO [main] org.apache.catalina.core.StandardServer.await 셧다운 포트를 통해 유효한 셧다운 명령을 받았습니다. 서버 인스턴스를 중지시킵니다.
12-Mar-2021 20:49:02.354 INFO [main] org.apache.coyote.AbstractProtocol.pause 프로토콜 핸들러 ["http-nio-8080"]을(를) 일시 정지 중
12-Mar-2021 20:49:02.365 INFO [main] org.apache.catalina.core.StandardService.stopInternal 서비스 [Catalina]을(를) 중지시킵니다.
12-Mar-2021 20:49:02.406 INFO [main] org.apache.coyote.AbstractProtocol.stop 프로토콜 핸들러 ["http-nio-8080"]을(를) 중지시킵니다.
12-Mar-2021 20:49:02.421 INFO [main] org.apache.coyote.AbstractProtocol.destroy 프로토콜 핸들러 ["http-nio-8080"]을(를) 소멸시킵니다.
